                      :-) GROMACS - mdrun_mpi, 2019.3 (-:

                            GROMACS is written by:
     Emile Apol      Rossen Apostolov      Paul Bauer     Herman J.C. Berendsen
    Par Bjelkmar      Christian Blau   Viacheslav Bolnykh     Kevin Boyd    
 Aldert van Buuren   Rudi van Drunen     Anton Feenstra       Alan Gray     
  Gerrit Groenhof     Anca Hamuraru    Vincent Hindriksen  M. Eric Irrgang  
  Aleksei Iupinov   Christoph Junghans     Joe Jordan     Dimitrios Karkoulis
    Peter Kasson        Jiri Kraus      Carsten Kutzner      Per Larsson    
  Justin A. Lemkul    Viveca Lindahl    Magnus Lundborg     Erik Marklund   
    Pascal Merz     Pieter Meulenhoff    Teemu Murtola       Szilard Pall   
    Sander Pronk      Roland Schulz      Michael Shirts    Alexey Shvetsov  
   Alfons Sijbers     Peter Tieleman      Jon Vincent      Teemu Virolainen 
 Christian Wennberg    Maarten Wolf   
                           and the project leaders:
        Mark Abraham, Berk Hess, Erik Lindahl, and David van der Spoel

Copyright (c) 1991-2000, University of Groningen, The Netherlands.
Copyright (c) 2001-2018, The GROMACS development team at
Uppsala University, Stockholm University and
the Royal Institute of Technology, Sweden.
check out http://www.gromacs.org for more information.

GROMACS is free software; you can redistribute it and/or modify it
under the terms of the GNU Lesser General Public License
as published by the Free Software Foundation; either version 2.1
of the License, or (at your option) any later version.

GROMACS:      mdrun_mpi, version 2019.3
Executable:   /shared/ucl/apps/gromacs/2019.3/intel-2018/bin/mdrun_mpi
Data prefix:  /shared/ucl/apps/gromacs/2019.3/intel-2018
Working dir:  /lustre/scratch/ucbeywa/20runs230422/protonation_pH7/Loop1/277K_7_150M
Process ID:   60232
Command line:
  mdrun_mpi -deffnm npt

GROMACS version:    2019.3
Precision:          single
Memory model:       64 bit
MPI library:        MPI
OpenMP support:     enabled (GMX_OPENMP_MAX_THREADS = 64)
GPU support:        disabled
SIMD instructions:  AVX_512
FFT library:        Intel MKL
RDTSCP usage:       enabled
TNG support:        enabled
Hwloc support:      disabled
Tracing support:    disabled
C compiler:         /shared/ucl/apps/intel/2018.Update3/compilers_and_libraries_2018.3.222/linux/bin/intel64/icc Intel 18.0.3.20180410
C compiler flags:    -xCORE-AVX512 -qopt-zmm-usage=high   -mkl=sequential  -std=gnu99  -O3 -DNDEBUG -ip -funroll-all-loops -alias-const -ansi-alias -no-prec-div -fimf-domain-exclusion=14 -qoverride-limits  
C++ compiler:       /shared/ucl/apps/intel/2018.Update3/compilers_and_libraries_2018.3.222/linux/bin/intel64/icpc Intel 18.0.3.20180410
C++ compiler flags:  -xCORE-AVX512 -qopt-zmm-usage=high   -mkl=sequential  -std=c++11   -O3 -DNDEBUG -ip -funroll-all-loops -alias-const -ansi-alias -no-prec-div -fimf-domain-exclusion=14 -qoverride-limits  


Running on 6 nodes with total 480 cores, 480 logical cores
  Cores per node:           80
  Logical cores per node:   80
Hardware detected on host node-c11a-027 (the node of MPI rank 0):
  CPU info:
    Vendor: Intel
    Brand:  Intel(R) Xeon(R) Gold 6248 CPU @ 2.50GHz
    Family: 6   Model: 85   Stepping: 7
    Features: aes apic avx avx2 avx512f avx512cd avx512bw avx512vl clfsh cmov cx8 cx16 f16c fma hle htt intel lahf mmx msr nonstop_tsc pcid pclmuldq pdcm pdpe1gb popcnt pse rdrnd rdtscp rtm sse2 sse3 sse4.1 sse4.2 ssse3 tdt x2apic
    Number of AVX-512 FMA units: 2
  Hardware topology: Only logical processor count


++++ PLEASE READ AND CITE THE FOLLOWING REFERENCE ++++
M. J. Abraham, T. Murtola, R. Schulz, S. Páll, J. C. Smith, B. Hess, E.
Lindahl
GROMACS: High performance molecular simulations through multi-level
parallelism from laptops to supercomputers
SoftwareX 1 (2015) pp. 19-25
-------- -------- --- Thank You --- -------- --------


++++ PLEASE READ AND CITE THE FOLLOWING REFERENCE ++++
S. Páll, M. J. Abraham, C. Kutzner, B. Hess, E. Lindahl
Tackling Exascale Software Challenges in Molecular Dynamics Simulations with
GROMACS
In S. Markidis & E. Laure (Eds.), Solving Software Challenges for Exascale 8759 (2015) pp. 3-27
-------- -------- --- Thank You --- -------- --------


++++ PLEASE READ AND CITE THE FOLLOWING REFERENCE ++++
S. Pronk, S. Páll, R. Schulz, P. Larsson, P. Bjelkmar, R. Apostolov, M. R.
Shirts, J. C. Smith, P. M. Kasson, D. van der Spoel, B. Hess, and E. Lindahl
GROMACS 4.5: a high-throughput and highly parallel open source molecular
simulation toolkit
Bioinformatics 29 (2013) pp. 845-54
-------- -------- --- Thank You --- -------- --------


++++ PLEASE READ AND CITE THE FOLLOWING REFERENCE ++++
B. Hess and C. Kutzner and D. van der Spoel and E. Lindahl
GROMACS 4: Algorithms for highly efficient, load-balanced, and scalable
molecular simulation
J. Chem. Theory Comput. 4 (2008) pp. 435-447
-------- -------- --- Thank You --- -------- --------


++++ PLEASE READ AND CITE THE FOLLOWING REFERENCE ++++
D. van der Spoel, E. Lindahl, B. Hess, G. Groenhof, A. E. Mark and H. J. C.
Berendsen
GROMACS: Fast, Flexible and Free
J. Comp. Chem. 26 (2005) pp. 1701-1719
-------- -------- --- Thank You --- -------- --------


++++ PLEASE READ AND CITE THE FOLLOWING REFERENCE ++++
E. Lindahl and B. Hess and D. van der Spoel
GROMACS 3.0: A package for molecular simulation and trajectory analysis
J. Mol. Mod. 7 (2001) pp. 306-317
-------- -------- --- Thank You --- -------- --------


++++ PLEASE READ AND CITE THE FOLLOWING REFERENCE ++++
H. J. C. Berendsen, D. van der Spoel and R. van Drunen
GROMACS: A message-passing parallel molecular dynamics implementation
Comp. Phys. Comm. 91 (1995) pp. 43-56
-------- -------- --- Thank You --- -------- --------


++++ PLEASE CITE THE DOI FOR THIS VERSION OF GROMACS ++++
https://doi.org/10.5281/zenodo.3243833
-------- -------- --- Thank You --- -------- --------


The number of OpenMP threads was set by environment variable OMP_NUM_THREADS to 1

Input Parameters:
   integrator                     = md
   tinit                          = 0
   dt                             = 0.002
   nsteps                         = 50000
   init-step                      = 0
   simulation-part                = 1
   comm-mode                      = Linear
   nstcomm                        = 100
   bd-fric                        = 0
   ld-seed                        = 1091805347
   emtol                          = 10
   emstep                         = 0.01
   niter                          = 20
   fcstep                         = 0
   nstcgsteep                     = 1000
   nbfgscorr                      = 10
   rtpi                           = 0.05
   nstxout                        = 500
   nstvout                        = 500
   nstfout                        = 0
   nstlog                         = 500
   nstcalcenergy                  = 100
   nstenergy                      = 500
   nstxout-compressed             = 0
   compressed-x-precision         = 1000
   cutoff-scheme                  = Verlet
   nstlist                        = 10
   ns-type                        = Grid
   pbc                            = xyz
   periodic-molecules             = false
   verlet-buffer-tolerance        = 0.005
   rlist                          = 1
   coulombtype                    = PME
   coulomb-modifier               = Potential-shift
   rcoulomb-switch                = 0
   rcoulomb                       = 1
   epsilon-r                      = 1
   epsilon-rf                     = inf
   vdw-type                       = Cut-off
   vdw-modifier                   = Potential-shift
   rvdw-switch                    = 0
   rvdw                           = 1
   DispCorr                       = EnerPres
   table-extension                = 1
   fourierspacing                 = 0.16
   fourier-nx                     = 72
   fourier-ny                     = 72
   fourier-nz                     = 72
   pme-order                      = 4
   ewald-rtol                     = 1e-05
   ewald-rtol-lj                  = 0.001
   lj-pme-comb-rule               = Geometric
   ewald-geometry                 = 0
   epsilon-surface                = 0
   tcoupl                         = V-rescale
   nsttcouple                     = 10
   nh-chain-length                = 0
   print-nose-hoover-chain-variables = false
   pcoupl                         = Parrinello-Rahman
   pcoupltype                     = Isotropic
   nstpcouple                     = 10
   tau-p                          = 2
   compressibility (3x3):
      compressibility[    0]={ 4.50000e-05,  0.00000e+00,  0.00000e+00}
      compressibility[    1]={ 0.00000e+00,  4.50000e-05,  0.00000e+00}
      compressibility[    2]={ 0.00000e+00,  0.00000e+00,  4.50000e-05}
   ref-p (3x3):
      ref-p[    0]={ 1.00000e+00,  0.00000e+00,  0.00000e+00}
      ref-p[    1]={ 0.00000e+00,  1.00000e+00,  0.00000e+00}
      ref-p[    2]={ 0.00000e+00,  0.00000e+00,  1.00000e+00}
   refcoord-scaling               = COM
   posres-com (3):
      posres-com[0]= 5.00406e-01
      posres-com[1]= 5.00205e-01
      posres-com[2]= 4.99413e-01
   posres-comB (3):
      posres-comB[0]= 5.00406e-01
      posres-comB[1]= 5.00205e-01
      posres-comB[2]= 4.99413e-01
   QMMM                           = false
   QMconstraints                  = 0
   QMMMscheme                     = 0
   MMChargeScaleFactor            = 1
qm-opts:
   ngQM                           = 0
   constraint-algorithm           = Lincs
   continuation                   = true
   Shake-SOR                      = false
   shake-tol                      = 0.0001
   lincs-order                    = 4
   lincs-iter                     = 1
   lincs-warnangle                = 30
   nwall                          = 0
   wall-type                      = 9-3
   wall-r-linpot                  = -1
   wall-atomtype[0]               = -1
   wall-atomtype[1]               = -1
   wall-density[0]                = 0
   wall-density[1]                = 0
   wall-ewald-zfac                = 3
   pull                           = false
   awh                            = false
   rotation                       = false
   interactiveMD                  = false
   disre                          = No
   disre-weighting                = Conservative
   disre-mixed                    = false
   dr-fc                          = 1000
   dr-tau                         = 0
   nstdisreout                    = 100
   orire-fc                       = 0
   orire-tau                      = 0
   nstorireout                    = 100
   free-energy                    = no
   cos-acceleration               = 0
   deform (3x3):
      deform[    0]={ 0.00000e+00,  0.00000e+00,  0.00000e+00}
      deform[    1]={ 0.00000e+00,  0.00000e+00,  0.00000e+00}
      deform[    2]={ 0.00000e+00,  0.00000e+00,  0.00000e+00}
   simulated-tempering            = false
   swapcoords                     = no
   userint1                       = 0
   userint2                       = 0
   userint3                       = 0
   userint4                       = 0
   userreal1                      = 0
   userreal2                      = 0
   userreal3                      = 0
   userreal4                      = 0
   applied-forces:
     electric-field:
       x:
         E0                       = 0
         omega                    = 0
         t0                       = 0
         sigma                    = 0
       y:
         E0                       = 0
         omega                    = 0
         t0                       = 0
         sigma                    = 0
       z:
         E0                       = 0
         omega                    = 0
         t0                       = 0
         sigma                    = 0
grpopts:
   nrdf:     16531.8      249558
   ref-t:         277         277
   tau-t:         0.1         0.1
annealing:          No          No
annealing-npoints:           0           0
   acc:	           0           0           0
   nfreeze:           N           N           N
   energygrp-flags[  0]: 0

Changing nstlist from 10 to 50, rlist from 1 to 1.109


Initializing Domain Decomposition on 240 ranks
Dynamic load balancing: locked
Using update groups, nr 45055, average size 2.9 atoms, max. radius 0.103 nm
Minimum cell size due to atom displacement: 0.396 nm
Initial maximum distances in bonded interactions:
    two-body bonded interactions: 0.462 nm, LJ-14, atoms 3561 4695
  multi-body bonded interactions: 0.462 nm, Ryckaert-Bell., atoms 3561 4695
Minimum cell size due to bonded interactions: 0.508 nm
Guess for relative PME load: 0.24
Will use 180 particle-particle and 60 PME only ranks
This is a guess, check the performance at the end of the log file
Using 60 separate PME ranks, as guessed by mdrun
Scaling the initial minimum size with 1/0.8 (option -dds) = 1.25
Optimizing the DD grid for 180 cells with a minimum initial size of 0.635 nm
The maximum allowed number of cells is: X 17 Y 17 Z 17
Domain decomposition grid 12 x 5 x 3, separate PME ranks 60
PME domain decomposition: 12 x 5 x 1
Interleaving PP and PME ranks
This rank does only particle-particle work.
Domain decomposition rank 0, coordinates 0 0 0

The initial number of communication pulses is: X 2 Y 1 Z 1
The initial domain decomposition cell size is: X 0.92 nm Y 2.21 nm Z 3.68 nm

The maximum allowed distance for atom groups involved in interactions is:
                 non-bonded interactions           1.315 nm
(the following are initial values, they could change due to box deformation)
            two-body bonded interactions  (-rdd)   1.315 nm
          multi-body bonded interactions  (-rdd)   0.920 nm

When dynamic load balancing gets turned on, these settings will change to:
The maximum number of communication pulses is: X 2 Y 2 Z 2
The minimum size for domain decomposition cells is 0.691 nm
The requested allowed shrink of DD cells (option -dds) is: 0.80
The allowed shrink of domain decomposition cells is: X 0.75 Y 0.31 Z 0.19
The maximum allowed distance for atom groups involved in interactions is:
                 non-bonded interactions           1.315 nm
            two-body bonded interactions  (-rdd)   1.315 nm
          multi-body bonded interactions  (-rdd)   0.691 nm
Using two step summing over 6 groups of on average 30.0 ranks


Using 240 MPI processes
Using 1 OpenMP thread per MPI process


Non-default thread affinity set probably by the OpenMP library,
disabling internal thread affinity
System total charge: -0.000
Will do PME sum in reciprocal space for electrostatic interactions.

++++ PLEASE READ AND CITE THE FOLLOWING REFERENCE ++++
U. Essmann, L. Perera, M. L. Berkowitz, T. Darden, H. Lee and L. G. Pedersen 
A smooth particle mesh Ewald method
J. Chem. Phys. 103 (1995) pp. 8577-8592
-------- -------- --- Thank You --- -------- --------

Using a Gaussian width (1/beta) of 0.320163 nm for Ewald
Potential shift: LJ r^-12: -1.000e+00 r^-6: -1.000e+00, Ewald -1.000e-05
Initialized non-bonded Ewald correction tables, spacing: 9.33e-04 size: 1073

Long Range LJ corr.: <C6> 3.1766e-04
Generated table with 1054 data points for Ewald.
Tabscale = 500 points/nm
Generated table with 1054 data points for LJ6.
Tabscale = 500 points/nm
Generated table with 1054 data points for LJ12.
Tabscale = 500 points/nm
Generated table with 1054 data points for 1-4 COUL.
Tabscale = 500 points/nm
Generated table with 1054 data points for 1-4 LJ6.
Tabscale = 500 points/nm
Generated table with 1054 data points for 1-4 LJ12.
Tabscale = 500 points/nm

Using SIMD 4x8 nonbonded short-range kernels

Using a dual 4x8 pair-list setup updated with dynamic pruning:
  outer list: updated every 50 steps, buffer 0.109 nm, rlist 1.109 nm
  inner list: updated every 13 steps, buffer 0.003 nm, rlist 1.003 nm
At tolerance 0.005 kJ/mol/ps per atom, equivalent classical 1x1 list would be:
  outer list: updated every 50 steps, buffer 0.236 nm, rlist 1.236 nm
  inner list: updated every 13 steps, buffer 0.050 nm, rlist 1.050 nm

Using geometric Lennard-Jones combination rule


Initializing LINear Constraint Solver

++++ PLEASE READ AND CITE THE FOLLOWING REFERENCE ++++
B. Hess and H. Bekker and H. J. C. Berendsen and J. G. E. M. Fraaije
LINCS: A Linear Constraint Solver for molecular simulations
J. Comp. Chem. 18 (1997) pp. 1463-1472
-------- -------- --- Thank You --- -------- --------

The number of constraints is 3262

++++ PLEASE READ AND CITE THE FOLLOWING REFERENCE ++++
S. Miyamoto and P. A. Kollman
SETTLE: An Analytical Version of the SHAKE and RATTLE Algorithms for Rigid
Water Models
J. Comp. Chem. 13 (1992) pp. 952-962
-------- -------- --- Thank You --- -------- --------


Linking all bonded interactions to atoms


Intra-simulation communication will occur every 10 steps.
Center of mass motion removal mode is Linear
We have the following groups for center of mass motion removal:
  0:  rest

++++ PLEASE READ AND CITE THE FOLLOWING REFERENCE ++++
G. Bussi, D. Donadio and M. Parrinello
Canonical sampling through velocity rescaling
J. Chem. Phys. 126 (2007) pp. 014101
-------- -------- --- Thank You --- -------- --------

There are: 131253 Atoms
Atom distribution over 180 domains: av 729 stddev 28 min 684 max 804

Started mdrun on rank 0 Sat Apr 23 22:00:36 2022

           Step           Time
              0        0.00000

   Energies (kJ/mol)
           Bond          Angle    Proper Dih. Ryckaert-Bell.          LJ-14
    4.48119e+03    1.22260e+04    6.95887e+02    5.65005e+03    8.77908e+03
     Coulomb-14        LJ (SR)  Disper. corr.   Coulomb (SR)   Coul. recip.
    5.21335e+04    3.85682e+05   -1.69926e+04   -2.62304e+06    1.12729e+04
 Position Rest.      Potential    Kinetic En.   Total Energy  Conserved En.
    4.20999e-01   -2.15911e+06    3.07609e+05   -1.85150e+06   -1.85142e+06
    Temperature Pres. DC (bar) Pressure (bar)   Constr. rmsd
    2.78078e+02   -2.09683e+02   -8.59955e+02    3.13715e-06


DD  step 49 load imb.: force 19.5%  pme mesh/force 1.118
step  200: timed with pme grid 72 72 72, coulomb cutoff 1.000: 96.4 M-cycles
step  300: timed with pme grid 60 60 60, coulomb cutoff 1.151: 97.8 M-cycles
step  400: timed with pme grid 52 52 52, coulomb cutoff 1.328: 121.7 M-cycles
step  500: timed with pme grid 56 56 56, coulomb cutoff 1.233: 109.8 M-cycles

DD  step 499 load imb.: force 12.0%  pme mesh/force 0.891
           Step           Time
            500        1.00000

   Energies (kJ/mol)
           Bond          Angle    Proper Dih. Ryckaert-Bell.          LJ-14
    4.51268e+03    1.21958e+04    6.83628e+02    5.56321e+03    8.66475e+03
     Coulomb-14        LJ (SR)  Disper. corr.   Coulomb (SR)   Coul. recip.
    5.21403e+04    4.03987e+05   -1.75699e+04   -2.64605e+06    6.57060e+03
 Position Rest.      Potential    Kinetic En.   Total Energy  Conserved En.
    1.32852e+03   -2.16798e+06    3.05153e+05   -1.86282e+06   -1.85109e+06
    Temperature Pres. DC (bar) Pressure (bar)   Constr. rmsd
    2.75857e+02   -2.24154e+02    1.61327e+02    2.98809e-06

step  600: timed with pme grid 60 60 60, coulomb cutoff 1.151: 94.3 M-cycles
step  700: timed with pme grid 64 64 64, coulomb cutoff 1.079: 89.1 M-cycles
step  800: timed with pme grid 72 72 72, coulomb cutoff 1.000: 95.2 M-cycles
step  900: timed with pme grid 60 60 60, coulomb cutoff 1.151: 93.5 M-cycles
step 1000: timed with pme grid 64 64 64, coulomb cutoff 1.079: 89.3 M-cycles

DD  step 999 load imb.: force 17.5%  pme mesh/force 0.992
           Step           Time
           1000        2.00000

   Energies (kJ/mol)
           Bond          Angle    Proper Dih. Ryckaert-Bell.          LJ-14
    4.39826e+03    1.25297e+04    6.91720e+02    5.51834e+03    8.54082e+03
     Coulomb-14        LJ (SR)  Disper. corr.   Coulomb (SR)   Coul. recip.
    5.21039e+04    4.01451e+05   -1.75676e+04   -2.64579e+06    1.10379e+04
 Position Rest.      Potential    Kinetic En.   Total Energy  Conserved En.
    1.31870e+03   -2.16577e+06    3.07638e+05   -1.85813e+06   -1.85108e+06
    Temperature Pres. DC (bar) Pressure (bar)   Constr. rmsd
    2.78104e+02   -2.24097e+02    3.81035e+01    3.19058e-06

step 1100: timed with pme grid 72 72 72, coulomb cutoff 1.000: 90.5 M-cycles
step 1200: timed with pme grid 60 60 60, coulomb cutoff 1.151: 96.6 M-cycles
step 1300: timed with pme grid 64 64 64, coulomb cutoff 1.079: 89.1 M-cycles
step 1400: timed with pme grid 72 72 72, coulomb cutoff 1.000: 119.3 M-cycles
              optimal pme grid 64 64 64, coulomb cutoff 1.079

DD  step 1499 load imb.: force 18.8%  pme mesh/force 0.977
           Step           Time
           1500        3.00000

   Energies (kJ/mol)
           Bond          Angle    Proper Dih. Ryckaert-Bell.          LJ-14
    4.45454e+03    1.21056e+04    6.87260e+02    5.61197e+03    8.46549e+03
     Coulomb-14        LJ (SR)  Disper. corr.   Coulomb (SR)   Coul. recip.
    5.23708e+04    3.97603e+05   -1.76313e+04   -2.64062e+06    8.30694e+03
 Position Rest.      Potential    Kinetic En.   Total Energy  Conserved En.
    1.35537e+03   -2.16729e+06    3.05435e+05   -1.86185e+06   -1.85104e+06
    Temperature Pres. DC (bar) Pressure (bar)   Constr. rmsd
    2.76112e+02   -2.25723e+02   -1.42643e+02    3.04196e-06


DD  step 1999 load imb.: force 18.6%  pme mesh/force 0.997
           Step           Time
           2000        4.00000

   Energies (kJ/mol)
           Bond          Angle    Proper Dih. Ryckaert-Bell.          LJ-14
    4.49702e+03    1.21944e+04    6.55980e+02    5.46938e+03    8.55267e+03
     Coulomb-14        LJ (SR)  Disper. corr.   Coulomb (SR)   Coul. recip.
    5.21791e+04    3.99750e+05   -1.76487e+04   -2.64122e+06    8.40532e+03
 Position Rest.      Potential    Kinetic En.   Total Energy  Conserved En.
    1.35140e+03   -2.16581e+06    3.04726e+05   -1.86108e+06   -1.85099e+06
    Temperature Pres. DC (bar) Pressure (bar)   Constr. rmsd
    2.75472e+02   -2.26167e+02    7.64524e+01    3.15002e-06


DD  step 2499 load imb.: force 16.8%  pme mesh/force 1.043
           Step           Time
           2500        5.00000

   Energies (kJ/mol)
           Bond          Angle    Proper Dih. Ryckaert-Bell.          LJ-14
    4.50628e+03    1.22162e+04    6.98408e+02    5.46058e+03    8.52985e+03
     Coulomb-14        LJ (SR)  Disper. corr.   Coulomb (SR)   Coul. recip.
    5.21134e+04    3.97725e+05   -1.76698e+04   -2.64041e+06    8.14835e+03
 Position Rest.      Potential    Kinetic En.   Total Energy  Conserved En.
    1.37701e+03   -2.16731e+06    3.05370e+05   -1.86194e+06   -1.85098e+06
    Temperature Pres. DC (bar) Pressure (bar)   Constr. rmsd
    2.76054e+02   -2.26707e+02   -5.05260e+00    2.98051e-06


DD  step 2999 load imb.: force 18.3%  pme mesh/force 0.992
           Step           Time
           3000        6.00000

   Energies (kJ/mol)
           Bond          Angle    Proper Dih. Ryckaert-Bell.          LJ-14
    4.57484e+03    1.24074e+04    7.93883e+02    5.50473e+03    8.60893e+03
     Coulomb-14        LJ (SR)  Disper. corr.   Coulomb (SR)   Coul. recip.
    5.23480e+04    3.96708e+05   -1.76287e+04   -2.63800e+06    8.25076e+03
 Position Rest.      Potential    Kinetic En.   Total Energy  Conserved En.
    1.37135e+03   -2.16506e+06    3.05663e+05   -1.85939e+06   -1.85094e+06
    Temperature Pres. DC (bar) Pressure (bar)   Constr. rmsd
    2.76318e+02   -2.25656e+02   -9.05986e+01    2.94418e-06


DD  step 3499 load imb.: force 20.7%  pme mesh/force 1.026
           Step           Time
           3500        7.00000

   Energies (kJ/mol)
           Bond          Angle    Proper Dih. Ryckaert-Bell.          LJ-14
    4.59446e+03    1.21514e+04    7.13182e+02    5.53005e+03    8.55291e+03
     Coulomb-14        LJ (SR)  Disper. corr.   Coulomb (SR)   Coul. recip.
    5.21936e+04    3.98747e+05   -1.76573e+04   -2.64089e+06    8.25593e+03
 Position Rest.      Potential    Kinetic En.   Total Energy  Conserved En.
    1.29482e+03   -2.16652e+06    3.03937e+05   -1.86258e+06   -1.85093e+06
    Temperature Pres. DC (bar) Pressure (bar)   Constr. rmsd
    2.74758e+02   -2.26388e+02   -5.72769e+01    3.11935e-06


DD  step 3999 load imb.: force 18.8%  pme mesh/force 1.025
           Step           Time
           4000        8.00000

   Energies (kJ/mol)
           Bond          Angle    Proper Dih. Ryckaert-Bell.          LJ-14
    4.63725e+03    1.21947e+04    6.86596e+02    5.64114e+03    8.60951e+03
     Coulomb-14        LJ (SR)  Disper. corr.   Coulomb (SR)   Coul. recip.
    5.20434e+04    3.98022e+05   -1.77047e+04   -2.63982e+06    8.15862e+03
 Position Rest.      Potential    Kinetic En.   Total Energy  Conserved En.
    1.37469e+03   -2.16616e+06    3.07665e+05   -1.85849e+06   -1.85092e+06
    Temperature Pres. DC (bar) Pressure (bar)   Constr. rmsd
    2.78129e+02   -2.27603e+02    4.32599e+01    3.16935e-06


DD  step 4499 load imb.: force 20.2%  pme mesh/force 1.004
           Step           Time
           4500        9.00000

   Energies (kJ/mol)
           Bond          Angle    Proper Dih. Ryckaert-Bell.          LJ-14
    4.60674e+03    1.19660e+04    7.34723e+02    5.43788e+03    8.56745e+03
     Coulomb-14        LJ (SR)  Disper. corr.   Coulomb (SR)   Coul. recip.
    5.22127e+04    4.00171e+05   -1.77040e+04   -2.64404e+06    8.39702e+03
 Position Rest.      Potential    Kinetic En.   Total Energy  Conserved En.
    1.35946e+03   -2.16830e+06    3.05766e+05   -1.86253e+06   -1.85087e+06
    Temperature Pres. DC (bar) Pressure (bar)   Constr. rmsd
    2.76412e+02   -2.27586e+02   -3.66365e+00    2.98164e-06


DD  step 4999 load imb.: force 19.2%  pme mesh/force 1.005
           Step           Time
           5000       10.00000

   Energies (kJ/mol)
           Bond          Angle    Proper Dih. Ryckaert-Bell.          LJ-14
    4.40701e+03    1.22718e+04    6.43392e+02    5.48195e+03    8.56997e+03
     Coulomb-14        LJ (SR)  Disper. corr.   Coulomb (SR)   Coul. recip.
    5.21687e+04    3.97854e+05   -1.77104e+04   -2.63985e+06    8.30273e+03
 Position Rest.      Potential    Kinetic En.   Total Energy  Conserved En.
    1.39504e+03   -2.16647e+06    3.04857e+05   -1.86161e+06   -1.85088e+06
    Temperature Pres. DC (bar) Pressure (bar)   Constr. rmsd
    2.75590e+02   -2.27750e+02    7.24544e+01    3.02828e-06


DD  step 5499 load imb.: force 17.0%  pme mesh/force 1.002
           Step           Time
           5500       11.00000

   Energies (kJ/mol)
           Bond          Angle    Proper Dih. Ryckaert-Bell.          LJ-14
    4.74721e+03    1.24591e+04    7.35958e+02    5.76399e+03    8.50152e+03
     Coulomb-14        LJ (SR)  Disper. corr.   Coulomb (SR)   Coul. recip.
    5.23861e+04    3.98524e+05   -1.77243e+04   -2.63855e+06    8.29479e+03
 Position Rest.      Potential    Kinetic En.   Total Energy  Conserved En.
    1.36004e+03   -2.16350e+06    3.07611e+05   -1.85589e+06   -1.85082e+06
    Temperature Pres. DC (bar) Pressure (bar)   Constr. rmsd
    2.78080e+02   -2.28107e+02    9.31943e+01    3.19416e-06


DD  step 5999 load imb.: force 17.2%  pme mesh/force 1.000
           Step           Time
           6000       12.00000

   Energies (kJ/mol)
           Bond          Angle    Proper Dih. Ryckaert-Bell.          LJ-14
    4.56489e+03    1.24530e+04    7.67526e+02    5.52374e+03    8.56740e+03
     Coulomb-14        LJ (SR)  Disper. corr.   Coulomb (SR)   Coul. recip.
    5.21944e+04    3.95787e+05   -1.77105e+04   -2.63577e+06    8.30467e+03
 Position Rest.      Potential    Kinetic En.   Total Energy  Conserved En.
    1.38717e+03   -2.16393e+06    3.06905e+05   -1.85703e+06   -1.85082e+06
    Temperature Pres. DC (bar) Pressure (bar)   Constr. rmsd
    2.77441e+02   -2.27754e+02   -2.87904e+01    3.03384e-06


DD  step 6499 load imb.: force 18.2%  pme mesh/force 1.097
           Step           Time
           6500       13.00000

   Energies (kJ/mol)
           Bond          Angle    Proper Dih. Ryckaert-Bell.          LJ-14
    4.64793e+03    1.22381e+04    7.12382e+02    5.49307e+03    8.52183e+03
     Coulomb-14        LJ (SR)  Disper. corr.   Coulomb (SR)   Coul. recip.
    5.21251e+04    3.94571e+05   -1.77233e+04   -2.63548e+06    8.24697e+03
 Position Rest.      Potential    Kinetic En.   Total Energy  Conserved En.
    1.41008e+03   -2.16524e+06    3.06008e+05   -1.85923e+06   -1.85081e+06
    Temperature Pres. DC (bar) Pressure (bar)   Constr. rmsd
    2.76631e+02   -2.28080e+02   -1.23767e+02    3.05759e-06


DD  step 6999 load imb.: force 19.6%  pme mesh/force 1.029
           Step           Time
           7000       14.00000

   Energies (kJ/mol)
           Bond          Angle    Proper Dih. Ryckaert-Bell.          LJ-14
    4.46173e+03    1.22772e+04    6.92164e+02    5.59198e+03    8.58872e+03
     Coulomb-14        LJ (SR)  Disper. corr.   Coulomb (SR)   Coul. recip.
    5.22917e+04    3.96615e+05   -1.77182e+04   -2.63810e+06    8.24452e+03
 Position Rest.      Potential    Kinetic En.   Total Energy  Conserved En.
    1.43255e+03   -2.16562e+06    3.07593e+05   -1.85802e+06   -1.85082e+06
    Temperature Pres. DC (bar) Pressure (bar)   Constr. rmsd
    2.78063e+02   -2.27951e+02    7.95204e+01    3.05023e-06


DD  step 7499 load imb.: force 17.3%  pme mesh/force 1.031
           Step           Time
           7500       15.00000

   Energies (kJ/mol)
           Bond          Angle    Proper Dih. Ryckaert-Bell.          LJ-14
    4.38195e+03    1.22560e+04    7.12136e+02    5.59787e+03    8.63799e+03
     Coulomb-14        LJ (SR)  Disper. corr.   Coulomb (SR)   Coul. recip.
    5.23538e+04    3.96106e+05   -1.76944e+04   -2.63587e+06    8.24133e+03
 Position Rest.      Potential    Kinetic En.   Total Energy  Conserved En.
    1.36810e+03   -2.16391e+06    3.07442e+05   -1.85647e+06   -1.85079e+06
    Temperature Pres. DC (bar) Pressure (bar)   Constr. rmsd
    2.77927e+02   -2.27340e+02   -8.05413e+01    3.09911e-06


DD  step 7999 load imb.: force 17.7%  pme mesh/force 0.993
           Step           Time
           8000       16.00000

   Energies (kJ/mol)
           Bond          Angle    Proper Dih. Ryckaert-Bell.          LJ-14
    4.55507e+03    1.23691e+04    6.83662e+02    5.51024e+03    8.64312e+03
     Coulomb-14        LJ (SR)  Disper. corr.   Coulomb (SR)   Coul. recip.
    5.21509e+04    3.94926e+05   -1.77083e+04   -2.63573e+06    8.26382e+03
 Position Rest.      Potential    Kinetic En.   Total Energy  Conserved En.
    1.43631e+03   -2.16490e+06    3.05708e+05   -1.85919e+06   -1.85073e+06
    Temperature Pres. DC (bar) Pressure (bar)   Constr. rmsd
    2.76360e+02   -2.27697e+02   -3.28639e+01    3.12288e-06


DD  step 8499 load imb.: force 17.3%  pme mesh/force 1.001
           Step           Time
           8500       17.00000

   Energies (kJ/mol)
           Bond          Angle    Proper Dih. Ryckaert-Bell.          LJ-14
    4.41775e+03    1.23288e+04    6.72589e+02    5.46663e+03    8.69029e+03
     Coulomb-14        LJ (SR)  Disper. corr.   Coulomb (SR)   Coul. recip.
    5.22306e+04    3.98167e+05   -1.77109e+04   -2.64128e+06    8.24276e+03
 Position Rest.      Potential    Kinetic En.   Total Energy  Conserved En.
    1.46228e+03   -2.16731e+06    3.07350e+05   -1.85996e+06   -1.85073e+06
    Temperature Pres. DC (bar) Pressure (bar)   Constr. rmsd
    2.77843e+02   -2.27762e+02   -4.90176e+01    3.03484e-06


DD  step 8999 load imb.: force 17.1%  pme mesh/force 1.000
           Step           Time
           9000       18.00000

   Energies (kJ/mol)
           Bond          Angle    Proper Dih. Ryckaert-Bell.          LJ-14
    4.50236e+03    1.21784e+04    7.51908e+02    5.69226e+03    8.66423e+03
     Coulomb-14        LJ (SR)  Disper. corr.   Coulomb (SR)   Coul. recip.
    5.23245e+04    3.97799e+05   -1.77048e+04   -2.64001e+06    8.36206e+03
 Position Rest.      Potential    Kinetic En.   Total Energy  Conserved En.
    1.45211e+03   -2.16599e+06    3.05692e+05   -1.86030e+06   -1.85066e+06
    Temperature Pres. DC (bar) Pressure (bar)   Constr. rmsd
    2.76345e+02   -2.27607e+02   -1.30136e+01    3.10159e-06


DD  step 9499 load imb.: force 18.2%  pme mesh/force 0.991
           Step           Time
           9500       19.00000

   Energies (kJ/mol)
           Bond          Angle    Proper Dih. Ryckaert-Bell.          LJ-14
    4.32513e+03    1.25391e+04    6.89634e+02    5.53763e+03    8.67433e+03
     Coulomb-14        LJ (SR)  Disper. corr.   Coulomb (SR)   Coul. recip.
    5.22149e+04    3.98663e+05   -1.76971e+04   -2.64139e+06    8.38233e+03
 Position Rest.      Potential    Kinetic En.   Total Energy  Conserved En.
    1.39575e+03   -2.16667e+06    3.05529e+05   -1.86114e+06   -1.85066e+06
    Temperature Pres. DC (bar) Pressure (bar)   Constr. rmsd
    2.76197e+02   -2.27409e+02    1.15125e+02    3.16445e-06


DD  step 9999 load imb.: force 17.4%  pme mesh/force 1.005
           Step           Time
          10000       20.00000

   Energies (kJ/mol)
           Bond          Angle    Proper Dih. Ryckaert-Bell.          LJ-14
    4.26923e+03    1.25402e+04    7.25927e+02    5.61510e+03    8.60353e+03
     Coulomb-14        LJ (SR)  Disper. corr.   Coulomb (SR)   Coul. recip.
    5.22555e+04    3.96991e+05   -1.77307e+04   -2.63871e+06    8.20624e+03
 Position Rest.      Potential    Kinetic En.   Total Energy  Conserved En.
    1.35683e+03   -2.16588e+06    3.05326e+05   -1.86055e+06   -1.85067e+06
    Temperature Pres. DC (bar) Pressure (bar)   Constr. rmsd
    2.76014e+02   -2.28273e+02    7.81507e+01    3.07151e-06


DD  step 10499 load imb.: force 15.0%  pme mesh/force 1.000
           Step           Time
          10500       21.00000

   Energies (kJ/mol)
           Bond          Angle    Proper Dih. Ryckaert-Bell.          LJ-14
    4.35439e+03    1.24224e+04    7.38807e+02    5.67928e+03    8.61822e+03
     Coulomb-14        LJ (SR)  Disper. corr.   Coulomb (SR)   Coul. recip.
    5.21486e+04    3.96722e+05   -1.77149e+04   -2.63664e+06    8.25279e+03
 Position Rest.      Potential    Kinetic En.   Total Energy  Conserved En.
    1.40377e+03   -2.16402e+06    3.07261e+05   -1.85676e+06   -1.85068e+06
    Temperature Pres. DC (bar) Pressure (bar)   Constr. rmsd
    2.77763e+02   -2.27866e+02    5.44521e+01    3.07071e-06


DD  step 10999 load imb.: force 16.6%  pme mesh/force 1.004
           Step           Time
          11000       22.00000

   Energies (kJ/mol)
           Bond          Angle    Proper Dih. Ryckaert-Bell.          LJ-14
    4.46724e+03    1.25200e+04    6.68257e+02    5.66019e+03    8.53689e+03
     Coulomb-14        LJ (SR)  Disper. corr.   Coulomb (SR)   Coul. recip.
    5.22704e+04    3.95192e+05   -1.77291e+04   -2.63582e+06    8.28783e+03
 Position Rest.      Potential    Kinetic En.   Total Energy  Conserved En.
    1.40940e+03   -2.16454e+06    3.06060e+05   -1.85848e+06   -1.85062e+06
    Temperature Pres. DC (bar) Pressure (bar)   Constr. rmsd
    2.76677e+02   -2.28230e+02   -2.36642e+01    2.94704e-06


DD  step 11499 load imb.: force 16.3%  pme mesh/force 1.021
           Step           Time
          11500       23.00000

   Energies (kJ/mol)
           Bond          Angle    Proper Dih. Ryckaert-Bell.          LJ-14
    4.48999e+03    1.22856e+04    6.55213e+02    5.49719e+03    8.61186e+03
     Coulomb-14        LJ (SR)  Disper. corr.   Coulomb (SR)   Coul. recip.
    5.21890e+04    3.96519e+05   -1.77006e+04   -2.63524e+06    8.36040e+03
 Position Rest.      Potential    Kinetic En.   Total Energy  Conserved En.
    1.44079e+03   -2.16289e+06    3.07026e+05   -1.85586e+06   -1.85062e+06
    Temperature Pres. DC (bar) Pressure (bar)   Constr. rmsd
    2.77551e+02   -2.27499e+02    8.19443e-01    3.06822e-06


DD  step 11999 load imb.: force 17.5%  pme mesh/force 1.066
           Step           Time
          12000       24.00000

   Energies (kJ/mol)
           Bond          Angle    Proper Dih. Ryckaert-Bell.          LJ-14
    4.33601e+03    1.20435e+04    6.49489e+02    5.58140e+03    8.66722e+03
     Coulomb-14        LJ (SR)  Disper. corr.   Coulomb (SR)   Coul. recip.
    5.22607e+04    3.96753e+05   -1.76967e+04   -2.64093e+06    8.22474e+03
 Position Rest.      Potential    Kinetic En.   Total Energy  Conserved En.
    1.31567e+03   -2.16880e+06    3.06587e+05   -1.86221e+06   -1.85062e+06
    Temperature Pres. DC (bar) Pressure (bar)   Constr. rmsd
    2.77154e+02   -2.27398e+02    1.71849e+01    2.98123e-06


DD  step 12499 load imb.: force 17.3%  pme mesh/force 1.000
           Step           Time
          12500       25.00000

   Energies (kJ/mol)
           Bond          Angle    Proper Dih. Ryckaert-Bell.          LJ-14
    4.42238e+03    1.24105e+04    7.23960e+02    5.50344e+03    8.63687e+03
     Coulomb-14        LJ (SR)  Disper. corr.   Coulomb (SR)   Coul. recip.
    5.22606e+04    3.95912e+05   -1.77006e+04   -2.63861e+06    8.26238e+03
 Position Rest.      Potential    Kinetic En.   Total Energy  Conserved En.
    1.38226e+03   -2.16680e+06    3.07205e+05   -1.85959e+06   -1.85057e+06
    Temperature Pres. DC (bar) Pressure (bar)   Constr. rmsd
    2.77712e+02   -2.27499e+02   -8.66491e+01    2.98345e-06


DD  step 12999 load imb.: force 16.0%  pme mesh/force 0.996
           Step           Time
          13000       26.00000

   Energies (kJ/mol)
           Bond          Angle    Proper Dih. Ryckaert-Bell.          LJ-14
    4.53686e+03    1.25807e+04    6.54087e+02    5.53329e+03    8.67021e+03
     Coulomb-14        LJ (SR)  Disper. corr.   Coulomb (SR)   Coul. recip.
    5.24035e+04    3.99939e+05   -1.77465e+04   -2.64221e+06    8.23650e+03
 Position Rest.      Potential    Kinetic En.   Total Energy  Conserved En.
    1.37444e+03   -2.16603e+06    3.05916e+05   -1.86011e+06   -1.85051e+06
    Temperature Pres. DC (bar) Pressure (bar)   Constr. rmsd
    2.76547e+02   -2.28677e+02    2.05813e+02    3.11262e-06


DD  step 13499 load imb.: force 17.1%  pme mesh/force 1.282
           Step           Time
          13500       27.00000

   Energies (kJ/mol)
           Bond          Angle    Proper Dih. Ryckaert-Bell.          LJ-14
    4.51233e+03    1.24298e+04    7.10662e+02    5.55316e+03    8.59679e+03
     Coulomb-14        LJ (SR)  Disper. corr.   Coulomb (SR)   Coul. recip.
    5.20963e+04    3.95011e+05   -1.77066e+04   -2.63309e+06    8.35551e+03
 Position Rest.      Potential    Kinetic En.   Total Energy  Conserved En.
    1.40627e+03   -2.16213e+06    3.06108e+05   -1.85602e+06   -1.85052e+06
    Temperature Pres. DC (bar) Pressure (bar)   Constr. rmsd
    2.76721e+02   -2.27651e+02   -4.34913e+01    3.04888e-06


DD  step 13999 load imb.: force 16.7%  pme mesh/force 0.995
           Step           Time
          14000       28.00000

   Energies (kJ/mol)
           Bond          Angle    Proper Dih. Ryckaert-Bell.          LJ-14
    4.56557e+03    1.24080e+04    7.28745e+02    5.53095e+03    8.68683e+03
     Coulomb-14        LJ (SR)  Disper. corr.   Coulomb (SR)   Coul. recip.
    5.22793e+04    3.93540e+05   -1.77228e+04   -2.63221e+06    8.22666e+03
 Position Rest.      Potential    Kinetic En.   Total Energy  Conserved En.
    1.41426e+03   -2.16255e+06    3.05215e+05   -1.85733e+06   -1.85051e+06
    Temperature Pres. DC (bar) Pressure (bar)   Constr. rmsd
    2.75914e+02   -2.28068e+02   -1.86120e+02    2.99463e-06


DD  step 14499 load imb.: force 24.3%  pme mesh/force 0.954
           Step           Time
          14500       29.00000

   Energies (kJ/mol)
           Bond          Angle    Proper Dih. Ryckaert-Bell.          LJ-14
    4.50763e+03    1.21667e+04    6.29427e+02    5.40755e+03    8.50756e+03
     Coulomb-14        LJ (SR)  Disper. corr.   Coulomb (SR)   Coul. recip.
    5.21266e+04    3.97138e+05   -1.77382e+04   -2.63889e+06    8.27045e+03
 Position Rest.      Potential    Kinetic En.   Total Energy  Conserved En.
    1.45462e+03   -2.16642e+06    3.05466e+05   -1.86096e+06   -1.85051e+06
    Temperature Pres. DC (bar) Pressure (bar)   Constr. rmsd
    2.76140e+02   -2.28464e+02   -3.64268e+01    3.12229e-06


DD  step 14999 load imb.: force 20.7%  pme mesh/force 1.020
           Step           Time
          15000       30.00000

   Energies (kJ/mol)
           Bond          Angle    Proper Dih. Ryckaert-Bell.          LJ-14
    4.57957e+03    1.21337e+04    7.03798e+02    5.43526e+03    8.55037e+03
     Coulomb-14        LJ (SR)  Disper. corr.   Coulomb (SR)   Coul. recip.
    5.21976e+04    3.95669e+05   -1.77177e+04   -2.63799e+06    8.14688e+03
 Position Rest.      Potential    Kinetic En.   Total Energy  Conserved En.
    1.38006e+03   -2.16691e+06    3.05687e+05   -1.86122e+06   -1.85051e+06
    Temperature Pres. DC (bar) Pressure (bar)   Constr. rmsd
    2.76340e+02   -2.27939e+02   -7.65535e+01    3.02097e-06


DD  step 15499 load imb.: force 19.8%  pme mesh/force 1.008
           Step           Time
          15500       31.00000

   Energies (kJ/mol)
           Bond          Angle    Proper Dih. Ryckaert-Bell.          LJ-14
    4.36789e+03    1.24660e+04    7.51690e+02    5.59500e+03    8.45464e+03
     Coulomb-14        LJ (SR)  Disper. corr.   Coulomb (SR)   Coul. recip.
    5.22493e+04    3.96261e+05   -1.77205e+04   -2.63822e+06    8.25538e+03
 Position Rest.      Potential    Kinetic En.   Total Energy  Conserved En.
    1.44783e+03   -2.16609e+06    3.05899e+05   -1.86019e+06   -1.85050e+06
    Temperature Pres. DC (bar) Pressure (bar)   Constr. rmsd
    2.76532e+02   -2.28010e+02   -1.28084e+01    3.04928e-06


DD  step 15999 load imb.: force 18.1%  pme mesh/force 0.994
           Step           Time
          16000       32.00000

   Energies (kJ/mol)
           Bond          Angle    Proper Dih. Ryckaert-Bell.          LJ-14
    4.46971e+03    1.20034e+04    7.26731e+02    5.54391e+03    8.62569e+03
     Coulomb-14        LJ (SR)  Disper. corr.   Coulomb (SR)   Coul. recip.
    5.22647e+04    3.99057e+05   -1.77032e+04   -2.64254e+06    8.28662e+03
 Position Rest.      Potential    Kinetic En.   Total Energy  Conserved En.
    1.45317e+03   -2.16781e+06    3.06039e+05   -1.86177e+06   -1.85045e+06
    Temperature Pres. DC (bar) Pressure (bar)   Constr. rmsd
    2.76658e+02   -2.27565e+02    6.19447e+01    3.19931e-06


DD  step 16499 load imb.: force 18.5%  pme mesh/force 1.014
           Step           Time
          16500       33.00000

   Energies (kJ/mol)
           Bond          Angle    Proper Dih. Ryckaert-Bell.          LJ-14
    4.59732e+03    1.21817e+04    7.75683e+02    5.58669e+03    8.41414e+03
     Coulomb-14        LJ (SR)  Disper. corr.   Coulomb (SR)   Coul. recip.
    5.21521e+04    3.97825e+05   -1.77341e+04   -2.64052e+06    8.18238e+03
 Position Rest.      Potential    Kinetic En.   Total Energy  Conserved En.
    1.42928e+03   -2.16711e+06    3.06949e+05   -1.86017e+06   -1.85046e+06
    Temperature Pres. DC (bar) Pressure (bar)   Constr. rmsd
    2.77481e+02   -2.28358e+02   -1.83327e+01    3.15757e-06


DD  step 16999 load imb.: force 17.8%  pme mesh/force 0.991
           Step           Time
          17000       34.00000

   Energies (kJ/mol)
           Bond          Angle    Proper Dih. Ryckaert-Bell.          LJ-14
    4.47044e+03    1.19425e+04    7.28183e+02    5.55433e+03    8.53460e+03
     Coulomb-14        LJ (SR)  Disper. corr.   Coulomb (SR)   Coul. recip.
    5.20929e+04    3.95671e+05   -1.77064e+04   -2.63699e+06    8.22676e+03
 Position Rest.      Potential    Kinetic En.   Total Energy  Conserved En.
    1.48849e+03   -2.16599e+06    3.06265e+05   -1.85972e+06   -1.85042e+06
    Temperature Pres. DC (bar) Pressure (bar)   Constr. rmsd
    2.76863e+02   -2.27649e+02   -7.12050e+01    3.05551e-06


DD  step 17499 load imb.: force 17.4%  pme mesh/force 0.984
           Step           Time
          17500       35.00000

   Energies (kJ/mol)
           Bond          Angle    Proper Dih. Ryckaert-Bell.          LJ-14
    4.55572e+03    1.24418e+04    7.22496e+02    5.61798e+03    8.43699e+03
     Coulomb-14        LJ (SR)  Disper. corr.   Coulomb (SR)   Coul. recip.
    5.22651e+04    3.99876e+05   -1.76994e+04   -2.64345e+06    8.20964e+03
 Position Rest.      Potential    Kinetic En.   Total Energy  Conserved En.
    1.53147e+03   -2.16749e+06    3.07340e+05   -1.86015e+06   -1.85037e+06
    Temperature Pres. DC (bar) Pressure (bar)   Constr. rmsd
    2.77834e+02   -2.27468e+02    7.29580e+01    2.98643e-06


DD  step 17999 load imb.: force 23.1%  pme mesh/force 0.993
           Step           Time
          18000       36.00000

   Energies (kJ/mol)
           Bond          Angle    Proper Dih. Ryckaert-Bell.          LJ-14
    4.45759e+03    1.23203e+04    7.03333e+02    5.45906e+03    8.59928e+03
     Coulomb-14        LJ (SR)  Disper. corr.   Coulomb (SR)   Coul. recip.
    5.22907e+04    3.99766e+05   -1.77355e+04   -2.64159e+06    8.16683e+03
 Position Rest.      Potential    Kinetic En.   Total Energy  Conserved En.
    1.49781e+03   -2.16606e+06    3.06507e+05   -1.85955e+06   -1.85038e+06
    Temperature Pres. DC (bar) Pressure (bar)   Constr. rmsd
    2.77082e+02   -2.28394e+02    1.63890e+02    3.12336e-06


DD  step 18499 load imb.: force 19.0%  pme mesh/force 1.122
           Step           Time
          18500       37.00000

   Energies (kJ/mol)
           Bond          Angle    Proper Dih. Ryckaert-Bell.          LJ-14
    4.54364e+03    1.20794e+04    7.24501e+02    5.54089e+03    8.58458e+03
     Coulomb-14        LJ (SR)  Disper. corr.   Coulomb (SR)   Coul. recip.
    5.22272e+04    3.98322e+05   -1.77345e+04   -2.64025e+06    8.18470e+03
 Position Rest.      Potential    Kinetic En.   Total Energy  Conserved En.
    1.43514e+03   -2.16634e+06    3.04652e+05   -1.86169e+06   -1.85037e+06
    Temperature Pres. DC (bar) Pressure (bar)   Constr. rmsd
    2.75405e+02   -2.28369e+02    2.00845e+01    3.02099e-06


DD  step 18999 load imb.: force 20.5%  pme mesh/force 1.097
           Step           Time
          19000       38.00000

   Energies (kJ/mol)
           Bond          Angle    Proper Dih. Ryckaert-Bell.          LJ-14
    4.61542e+03    1.23781e+04    7.30639e+02    5.51128e+03    8.65663e+03
     Coulomb-14        LJ (SR)  Disper. corr.   Coulomb (SR)   Coul. recip.
    5.22271e+04    3.96429e+05   -1.77157e+04   -2.63681e+06    8.34496e+03
 Position Rest.      Potential    Kinetic En.   Total Energy  Conserved En.
    1.51259e+03   -2.16412e+06    3.06880e+05   -1.85724e+06   -1.85031e+06
    Temperature Pres. DC (bar) Pressure (bar)   Constr. rmsd
    2.77419e+02   -2.27886e+02    7.51390e+00    3.08025e-06


DD  step 19499 load imb.: force 22.0%  pme mesh/force 1.180
           Step           Time
          19500       39.00000

   Energies (kJ/mol)
           Bond          Angle    Proper Dih. Ryckaert-Bell.          LJ-14
    4.51932e+03    1.22749e+04    6.79670e+02    5.67176e+03    8.64519e+03
     Coulomb-14        LJ (SR)  Disper. corr.   Coulomb (SR)   Coul. recip.
    5.24483e+04    3.97506e+05   -1.77109e+04   -2.64001e+06    8.09846e+03
 Position Rest.      Potential    Kinetic En.   Total Energy  Conserved En.
    1.44207e+03   -2.16643e+06    3.06478e+05   -1.85995e+06   -1.85035e+06
    Temperature Pres. DC (bar) Pressure (bar)   Constr. rmsd
    2.77056e+02   -2.27762e+02    1.28272e+01    3.11311e-06


DD  step 19999 load imb.: force 19.3%  pme mesh/force 0.988
           Step           Time
          20000       40.00000

   Energies (kJ/mol)
           Bond          Angle    Proper Dih. Ryckaert-Bell.          LJ-14
    4.45916e+03    1.22241e+04    7.55764e+02    5.45519e+03    8.60913e+03
     Coulomb-14        LJ (SR)  Disper. corr.   Coulomb (SR)   Coul. recip.
    5.23127e+04    3.99151e+05   -1.77834e+04   -2.64122e+06    8.25280e+03
 Position Rest.      Potential    Kinetic En.   Total Energy  Conserved En.
    1.41519e+03   -2.16637e+06    3.05314e+05   -1.86105e+06   -1.85030e+06
    Temperature Pres. DC (bar) Pressure (bar)   Constr. rmsd
    2.76003e+02   -2.29630e+02    1.83175e+02    3.04791e-06


DD  step 20499 load imb.: force 16.1%  pme mesh/force 1.003
           Step           Time
          20500       41.00000

   Energies (kJ/mol)
           Bond          Angle    Proper Dih. Ryckaert-Bell.          LJ-14
    4.48667e+03    1.22875e+04    7.10483e+02    5.55209e+03    8.56176e+03
     Coulomb-14        LJ (SR)  Disper. corr.   Coulomb (SR)   Coul. recip.
    5.21329e+04    3.94251e+05   -1.77129e+04   -2.63439e+06    8.28623e+03
 Position Rest.      Potential    Kinetic En.   Total Energy  Conserved En.
    1.42763e+03   -2.16441e+06    3.06222e+05   -1.85819e+06   -1.85028e+06
    Temperature Pres. DC (bar) Pressure (bar)   Constr. rmsd
    2.76824e+02   -2.27813e+02   -9.19326e+01    2.89732e-06


DD  step 20999 load imb.: force 18.5%  pme mesh/force 0.992
           Step           Time
          21000       42.00000

   Energies (kJ/mol)
           Bond          Angle    Proper Dih. Ryckaert-Bell.          LJ-14
    4.37450e+03    1.23792e+04    6.72722e+02    5.56269e+03    8.63247e+03
     Coulomb-14        LJ (SR)  Disper. corr.   Coulomb (SR)   Coul. recip.
    5.21683e+04    3.98315e+05   -1.77389e+04   -2.63966e+06    8.39808e+03
 Position Rest.      Potential    Kinetic En.   Total Energy  Conserved En.
    1.41502e+03   -2.16548e+06    3.05598e+05   -1.85988e+06   -1.85025e+06
    Temperature Pres. DC (bar) Pressure (bar)   Constr. rmsd
    2.76260e+02   -2.28482e+02    7.09127e+01    2.93838e-06


DD  step 21499 load imb.: force 19.1%  pme mesh/force 1.022
           Step           Time
          21500       43.00000

   Energies (kJ/mol)
           Bond          Angle    Proper Dih. Ryckaert-Bell.          LJ-14
    4.41336e+03    1.22101e+04    7.09313e+02    5.55267e+03    8.71737e+03
     Coulomb-14        LJ (SR)  Disper. corr.   Coulomb (SR)   Coul. recip.
    5.23230e+04    3.97043e+05   -1.77217e+04   -2.63871e+06    8.12508e+03
 Position Rest.      Potential    Kinetic En.   Total Energy  Conserved En.
    1.47195e+03   -2.16587e+06    3.05124e+05   -1.86075e+06   -1.85024e+06
    Temperature Pres. DC (bar) Pressure (bar)   Constr. rmsd
    2.75832e+02   -2.28042e+02    1.21933e+02    3.02705e-06


DD  step 21999 load imb.: force 17.7%  pme mesh/force 1.124
           Step           Time
          22000       44.00000

   Energies (kJ/mol)
           Bond          Angle    Proper Dih. Ryckaert-Bell.          LJ-14
    4.36912e+03    1.25520e+04    6.93352e+02    5.46266e+03    8.66407e+03
     Coulomb-14        LJ (SR)  Disper. corr.   Coulomb (SR)   Coul. recip.
    5.23597e+04    3.96478e+05   -1.77253e+04   -2.63800e+06    8.29449e+03
 Position Rest.      Potential    Kinetic En.   Total Energy  Conserved En.
    1.44838e+03   -2.16540e+06    3.07328e+05   -1.85807e+06   -1.85023e+06
    Temperature Pres. DC (bar) Pressure (bar)   Constr. rmsd
    2.77824e+02   -2.28133e+02   -4.66120e+01    2.99715e-06


DD  step 22499 load imb.: force 17.8%  pme mesh/force 1.014
           Step           Time
          22500       45.00000

   Energies (kJ/mol)
           Bond          Angle    Proper Dih. Ryckaert-Bell.          LJ-14
    4.59694e+03    1.22799e+04    6.73048e+02    5.63557e+03    8.70468e+03
     Coulomb-14        LJ (SR)  Disper. corr.   Coulomb (SR)   Coul. recip.
    5.22311e+04    3.97430e+05   -1.77371e+04   -2.63996e+06    8.32164e+03
 Position Rest.      Potential    Kinetic En.   Total Energy  Conserved En.
    1.52075e+03   -2.16631e+06    3.05541e+05   -1.86076e+06   -1.85015e+06
    Temperature Pres. DC (bar) Pressure (bar)   Constr. rmsd
    2.76208e+02   -2.28437e+02    1.07826e+02    3.06424e-06


DD  step 22999 load imb.: force 58.3%  pme mesh/force 1.163
           Step           Time
          23000       46.00000

   Energies (kJ/mol)
           Bond          Angle    Proper Dih. Ryckaert-Bell.          LJ-14
    4.68474e+03    1.22024e+04    6.40762e+02    5.53028e+03    8.56957e+03
     Coulomb-14        LJ (SR)  Disper. corr.   Coulomb (SR)   Coul. recip.
    5.21746e+04    3.99999e+05   -1.77316e+04   -2.64214e+06    8.26555e+03
 Position Rest.      Potential    Kinetic En.   Total Energy  Conserved En.
    1.39961e+03   -2.16640e+06    3.05635e+05   -1.86077e+06   -1.85015e+06
    Temperature Pres. DC (bar) Pressure (bar)   Constr. rmsd
    2.76294e+02   -2.28294e+02    4.83322e+01    3.16263e-06


DD  step 23499 load imb.: force 17.4%  pme mesh/force 1.000
           Step           Time
          23500       47.00000

   Energies (kJ/mol)
           Bond          Angle    Proper Dih. Ryckaert-Bell.          LJ-14
    4.49830e+03    1.22456e+04    7.18772e+02    5.65192e+03    8.46072e+03
     Coulomb-14        LJ (SR)  Disper. corr.   Coulomb (SR)   Coul. recip.
    5.20589e+04    3.94894e+05   -1.76946e+04   -2.63743e+06    8.22247e+03
 Position Rest.      Potential    Kinetic En.   Total Energy  Conserved En.
    1.47211e+03   -2.16690e+06    3.08008e+05   -1.85889e+06   -1.85021e+06
    Temperature Pres. DC (bar) Pressure (bar)   Constr. rmsd
    2.78438e+02   -2.27345e+02   -1.26267e+02    3.10952e-06


DD  step 23999 load imb.: force 16.4%  pme mesh/force 1.005
           Step           Time
          24000       48.00000

   Energies (kJ/mol)
           Bond          Angle    Proper Dih. Ryckaert-Bell.          LJ-14
    4.44336e+03    1.24281e+04    6.35404e+02    5.33993e+03    8.49286e+03
     Coulomb-14        LJ (SR)  Disper. corr.   Coulomb (SR)   Coul. recip.
    5.20920e+04    3.96595e+05   -1.77135e+04   -2.63769e+06    8.29603e+03
 Position Rest.      Potential    Kinetic En.   Total Energy  Conserved En.
    1.48829e+03   -2.16560e+06    3.04334e+05   -1.86126e+06   -1.85013e+06
    Temperature Pres. DC (bar) Pressure (bar)   Constr. rmsd
    2.75117e+02   -2.27829e+02   -7.64798e+01    3.06713e-06


DD  step 24499 load imb.: force 16.2%  pme mesh/force 1.008
           Step           Time
          24500       49.00000

   Energies (kJ/mol)
           Bond          Angle    Proper Dih. Ryckaert-Bell.          LJ-14
    4.41341e+03    1.22444e+04    6.69967e+02    5.46110e+03    8.57723e+03
     Coulomb-14        LJ (SR)  Disper. corr.   Coulomb (SR)   Coul. recip.
    5.23455e+04    3.97773e+05   -1.76990e+04   -2.64003e+06    8.31719e+03
 Position Rest.      Potential    Kinetic En.   Total Energy  Conserved En.
    1.47726e+03   -2.16645e+06    3.06850e+05   -1.85960e+06   -1.85014e+06
    Temperature Pres. DC (bar) Pressure (bar)   Constr. rmsd
    2.77392e+02   -2.27456e+02   -2.31040e+01    3.04580e-06


DD  step 24999 load imb.: force 15.9%  pme mesh/force 1.013
           Step           Time
          25000       50.00000

   Energies (kJ/mol)
           Bond          Angle    Proper Dih. Ryckaert-Bell.          LJ-14
    4.50258e+03    1.22388e+04    7.02631e+02    5.52691e+03    8.76728e+03
     Coulomb-14        LJ (SR)  Disper. corr.   Coulomb (SR)   Coul. recip.
    5.21636e+04    3.95990e+05   -1.77219e+04   -2.63638e+06    8.20497e+03
 Position Rest.      Potential    Kinetic En.   Total Energy  Conserved En.
    1.41408e+03   -2.16459e+06    3.05650e+05   -1.85894e+06   -1.85010e+06
    Temperature Pres. DC (bar) Pressure (bar)   Constr. rmsd
    2.76307e+02   -2.28046e+02    1.61822e+01    3.06988e-06


DD  step 25499 load imb.: force 17.6%  pme mesh/force 1.020
           Step           Time
          25500       51.00000

   Energies (kJ/mol)
           Bond          Angle    Proper Dih. Ryckaert-Bell.          LJ-14
    4.54357e+03    1.24448e+04    6.79812e+02    5.49711e+03    8.51956e+03
     Coulomb-14        LJ (SR)  Disper. corr.   Coulomb (SR)   Coul. recip.
    5.21807e+04    3.98081e+05   -1.77609e+04   -2.63930e+06    8.31751e+03
 Position Rest.      Potential    Kinetic En.   Total Energy  Conserved En.
    1.41704e+03   -2.16538e+06    3.05633e+05   -1.85975e+06   -1.85006e+06
    Temperature Pres. DC (bar) Pressure (bar)   Constr. rmsd
    2.76291e+02   -2.29050e+02    1.29363e+02    3.03881e-06


DD  step 25999 load imb.: force 17.9%  pme mesh/force 1.024
           Step           Time
          26000       52.00000

   Energies (kJ/mol)
           Bond          Angle    Proper Dih. Ryckaert-Bell.          LJ-14
    4.57582e+03    1.22519e+04    7.47416e+02    5.69896e+03    8.59474e+03
     Coulomb-14        LJ (SR)  Disper. corr.   Coulomb (SR)   Coul. recip.
    5.22353e+04    3.97721e+05   -1.77226e+04   -2.63689e+06    8.29456e+03
 Position Rest.      Potential    Kinetic En.   Total Energy  Conserved En.
    1.43144e+03   -2.16306e+06    3.06784e+05   -1.85628e+06   -1.85006e+06
    Temperature Pres. DC (bar) Pressure (bar)   Constr. rmsd
    2.77332e+02   -2.28064e+02    1.59386e+02    3.11075e-06


DD  step 26499 load imb.: force 17.2%  pme mesh/force 1.006
           Step           Time
          26500       53.00000

   Energies (kJ/mol)
           Bond          Angle    Proper Dih. Ryckaert-Bell.          LJ-14
    4.45459e+03    1.21254e+04    7.22446e+02    5.66369e+03    8.52417e+03
     Coulomb-14        LJ (SR)  Disper. corr.   Coulomb (SR)   Coul. recip.
    5.21316e+04    3.96506e+05   -1.77248e+04   -2.63519e+06    8.32501e+03
 Position Rest.      Potential    Kinetic En.   Total Energy  Conserved En.
    1.43483e+03   -2.16303e+06    3.05401e+05   -1.85762e+06   -1.85004e+06
    Temperature Pres. DC (bar) Pressure (bar)   Constr. rmsd
    2.76082e+02   -2.28119e+02    8.75465e+01    3.04704e-06


DD  step 26999 load imb.: force 31.9%  pme mesh/force 1.066
           Step           Time
          27000       54.00000

   Energies (kJ/mol)
           Bond          Angle    Proper Dih. Ryckaert-Bell.          LJ-14
    4.43126e+03    1.22785e+04    7.16012e+02    5.54548e+03    8.63809e+03
     Coulomb-14        LJ (SR)  Disper. corr.   Coulomb (SR)   Coul. recip.
    5.21484e+04    3.97964e+05   -1.77035e+04   -2.63989e+06    8.31069e+03
 Position Rest.      Potential    Kinetic En.   Total Energy  Conserved En.
    1.38466e+03   -2.16618e+06    3.07525e+05   -1.85865e+06   -1.85004e+06
    Temperature Pres. DC (bar) Pressure (bar)   Constr. rmsd
    2.78002e+02   -2.27572e+02    6.61594e+01    3.25905e-06


DD  step 27499 load imb.: force 19.1%  pme mesh/force 1.075
           Step           Time
          27500       55.00000

   Energies (kJ/mol)
           Bond          Angle    Proper Dih. Ryckaert-Bell.          LJ-14
    4.61483e+03    1.22420e+04    6.94103e+02    5.43680e+03    8.55029e+03
     Coulomb-14        LJ (SR)  Disper. corr.   Coulomb (SR)   Coul. recip.
    5.20849e+04    3.96559e+05   -1.76964e+04   -2.63877e+06    8.40121e+03
 Position Rest.      Potential    Kinetic En.   Total Energy  Conserved En.
    1.37856e+03   -2.16651e+06    3.05996e+05   -1.86051e+06   -1.85000e+06
    Temperature Pres. DC (bar) Pressure (bar)   Constr. rmsd
    2.76620e+02   -2.27392e+02   -1.50855e+01    3.03606e-06


DD  step 27999 load imb.: force 22.4%  pme mesh/force 1.122
           Step           Time
          28000       56.00000

   Energies (kJ/mol)
           Bond          Angle    Proper Dih. Ryckaert-Bell.          LJ-14
    4.60716e+03    1.22423e+04    7.16089e+02    5.54830e+03    8.47888e+03
     Coulomb-14        LJ (SR)  Disper. corr.   Coulomb (SR)   Coul. recip.
    5.23842e+04    3.96564e+05   -1.77055e+04   -2.63600e+06    8.29647e+03
 Position Rest.      Potential    Kinetic En.   Total Energy  Conserved En.
    1.42161e+03   -2.16345e+06    3.05565e+05   -1.85788e+06   -1.84998e+06
    Temperature Pres. DC (bar) Pressure (bar)   Constr. rmsd
    2.76230e+02   -2.27625e+02   -6.08391e+01    3.16263e-06


DD  step 28499 load imb.: force 23.0%  pme mesh/force 1.074
           Step           Time
          28500       57.00000

   Energies (kJ/mol)
           Bond          Angle    Proper Dih. Ryckaert-Bell.          LJ-14
    4.55310e+03    1.22912e+04    7.11644e+02    5.55444e+03    8.58377e+03
     Coulomb-14        LJ (SR)  Disper. corr.   Coulomb (SR)   Coul. recip.
    5.21735e+04    3.97863e+05   -1.77202e+04   -2.63958e+06    8.44699e+03
 Position Rest.      Potential    Kinetic En.   Total Energy  Conserved En.
    1.40299e+03   -2.16571e+06    3.05914e+05   -1.85980e+06   -1.84994e+06
    Temperature Pres. DC (bar) Pressure (bar)   Constr. rmsd
    2.76545e+02   -2.28002e+02    5.18264e+01    3.13304e-06


DD  step 28999 load imb.: force 17.7%  pme mesh/force 1.089
           Step           Time
          29000       58.00000

   Energies (kJ/mol)
           Bond          Angle    Proper Dih. Ryckaert-Bell.          LJ-14
    4.40047e+03    1.23206e+04    7.02025e+02    5.54615e+03    8.65696e+03
     Coulomb-14        LJ (SR)  Disper. corr.   Coulomb (SR)   Coul. recip.
    5.21686e+04    3.94170e+05   -1.76860e+04   -2.63440e+06    8.21732e+03
 Position Rest.      Potential    Kinetic En.   Total Energy  Conserved En.
    1.34376e+03   -2.16456e+06    3.06770e+05   -1.85779e+06   -1.84997e+06
    Temperature Pres. DC (bar) Pressure (bar)   Constr. rmsd
    2.77319e+02   -2.27123e+02   -3.26096e+01    2.96229e-06


DD  step 29499 load imb.: force 18.6%  pme mesh/force 1.104
           Step           Time
          29500       59.00000

   Energies (kJ/mol)
           Bond          Angle    Proper Dih. Ryckaert-Bell.          LJ-14
    4.56802e+03    1.23550e+04    6.40272e+02    5.52817e+03    8.56240e+03
     Coulomb-14        LJ (SR)  Disper. corr.   Coulomb (SR)   Coul. recip.
    5.20829e+04    4.00247e+05   -1.77027e+04   -2.63878e+06    8.14240e+03
 Position Rest.      Potential    Kinetic En.   Total Energy  Conserved En.
    1.48430e+03   -2.16287e+06    3.06614e+05   -1.85626e+06   -1.84993e+06
    Temperature Pres. DC (bar) Pressure (bar)   Constr. rmsd
    2.77178e+02   -2.27553e+02    1.94727e+02    3.15673e-06


DD  step 29999 load imb.: force 17.7%  pme mesh/force 1.009
           Step           Time
          30000       60.00000

   Energies (kJ/mol)
           Bond          Angle    Proper Dih. Ryckaert-Bell.          LJ-14
    4.60514e+03    1.20667e+04    6.84842e+02    5.44590e+03    8.44478e+03
     Coulomb-14        LJ (SR)  Disper. corr.   Coulomb (SR)   Coul. recip.
    5.21387e+04    3.97838e+05   -1.77025e+04   -2.63882e+06    8.28776e+03
 Position Rest.      Potential    Kinetic En.   Total Energy  Conserved En.
    1.39942e+03   -2.16561e+06    3.06207e+05   -1.85940e+06   -1.84990e+06
    Temperature Pres. DC (bar) Pressure (bar)   Constr. rmsd
    2.76811e+02   -2.27548e+02   -6.61541e+01    3.15447e-06


DD  step 30499 load imb.: force 18.6%  pme mesh/force 1.024
           Step           Time
          30500       61.00000

   Energies (kJ/mol)
           Bond          Angle    Proper Dih. Ryckaert-Bell.          LJ-14
    4.31964e+03    1.23716e+04    6.97376e+02    5.51961e+03    8.59569e+03
     Coulomb-14        LJ (SR)  Disper. corr.   Coulomb (SR)   Coul. recip.
    5.21882e+04    3.96118e+05   -1.77207e+04   -2.63673e+06    8.31797e+03
 Position Rest.      Potential    Kinetic En.   Total Energy  Conserved En.
    1.48485e+03   -2.16484e+06    3.05140e+05   -1.85969e+06   -1.84989e+06
    Temperature Pres. DC (bar) Pressure (bar)   Constr. rmsd
    2.75846e+02   -2.28014e+02    2.33893e+01    2.96399e-06


DD  step 30999 load imb.: force 17.5%  pme mesh/force 1.029
           Step           Time
          31000       62.00000

   Energies (kJ/mol)
           Bond          Angle    Proper Dih. Ryckaert-Bell.          LJ-14
    4.63431e+03    1.22147e+04    7.07314e+02    5.57716e+03    8.51347e+03
     Coulomb-14        LJ (SR)  Disper. corr.   Coulomb (SR)   Coul. recip.
    5.20447e+04    3.94912e+05   -1.77026e+04   -2.63516e+06    8.20854e+03
 Position Rest.      Potential    Kinetic En.   Total Energy  Conserved En.
    1.45468e+03   -2.16459e+06    3.07242e+05   -1.85735e+06   -1.84988e+06
    Temperature Pres. DC (bar) Pressure (bar)   Constr. rmsd
    2.77746e+02   -2.27551e+02   -1.21099e+02    2.96880e-06


DD  step 31499 load imb.: force 17.6%  pme mesh/force 1.001
           Step           Time
          31500       63.00000

   Energies (kJ/mol)
           Bond          Angle    Proper Dih. Ryckaert-Bell.          LJ-14
    4.66798e+03    1.22267e+04    6.88370e+02    5.46783e+03    8.55389e+03
     Coulomb-14        LJ (SR)  Disper. corr.   Coulomb (SR)   Coul. recip.
    5.22246e+04    3.95365e+05   -1.77151e+04   -2.63506e+06    8.24983e+03
 Position Rest.      Potential    Kinetic En.   Total Energy  Conserved En.
    1.41851e+03   -2.16392e+06    3.05723e+05   -1.85819e+06   -1.84985e+06
    Temperature Pres. DC (bar) Pressure (bar)   Constr. rmsd
    2.76373e+02   -2.27871e+02   -6.59005e+01    3.02615e-06


DD  step 31999 load imb.: force 18.0%  pme mesh/force 1.044
           Step           Time
          32000       64.00000

   Energies (kJ/mol)
           Bond          Angle    Proper Dih. Ryckaert-Bell.          LJ-14
    4.48034e+03    1.18231e+04    6.82404e+02    5.47931e+03    8.56711e+03
     Coulomb-14        LJ (SR)  Disper. corr.   Coulomb (SR)   Coul. recip.
    5.21648e+04    3.97261e+05   -1.77397e+04   -2.63887e+06    8.10881e+03
 Position Rest.      Potential    Kinetic En.   Total Energy  Conserved En.
    1.41747e+03   -2.16663e+06    3.07332e+05   -1.85929e+06   -1.84989e+06
    Temperature Pres. DC (bar) Pressure (bar)   Constr. rmsd
    2.77827e+02   -2.28503e+02   -1.45199e+01    3.03678e-06


DD  step 32499 load imb.: force 16.5%  pme mesh/force 1.023
           Step           Time
          32500       65.00000

   Energies (kJ/mol)
           Bond          Angle    Proper Dih. Ryckaert-Bell.          LJ-14
    4.38774e+03    1.21228e+04    6.92301e+02    5.69690e+03    8.55922e+03
     Coulomb-14        LJ (SR)  Disper. corr.   Coulomb (SR)   Coul. recip.
    5.19778e+04    3.97870e+05   -1.77335e+04   -2.64012e+06    8.21612e+03
 Position Rest.      Potential    Kinetic En.   Total Energy  Conserved En.
    1.42118e+03   -2.16691e+06    3.07222e+05   -1.85969e+06   -1.84984e+06
    Temperature Pres. DC (bar) Pressure (bar)   Constr. rmsd
    2.77728e+02   -2.28343e+02    8.58712e+01    3.11474e-06


DD  step 32999 load imb.: force 19.5%  pme mesh/force 1.024
           Step           Time
          33000       66.00000

   Energies (kJ/mol)
           Bond          Angle    Proper Dih. Ryckaert-Bell.          LJ-14
    4.34055e+03    1.24469e+04    7.05858e+02    5.46844e+03    8.74093e+03
     Coulomb-14        LJ (SR)  Disper. corr.   Coulomb (SR)   Coul. recip.
    5.21991e+04    3.95366e+05   -1.77144e+04   -2.63552e+06    8.29277e+03
 Position Rest.      Potential    Kinetic En.   Total Energy  Conserved En.
    1.47728e+03   -2.16419e+06    3.06909e+05   -1.85729e+06   -1.84979e+06
    Temperature Pres. DC (bar) Pressure (bar)   Constr. rmsd
    2.77445e+02   -2.27852e+02    7.26656e+01    3.12880e-06


DD  step 33499 load imb.: force 17.6%  pme mesh/force 1.039
           Step           Time
          33500       67.00000

   Energies (kJ/mol)
           Bond          Angle    Proper Dih. Ryckaert-Bell.          LJ-14
    4.51583e+03    1.21457e+04    7.60713e+02    5.59834e+03    8.64506e+03
     Coulomb-14        LJ (SR)  Disper. corr.   Coulomb (SR)   Coul. recip.
    5.20761e+04    3.96177e+05   -1.77374e+04   -2.63768e+06    8.30947e+03
 Position Rest.      Potential    Kinetic En.   Total Energy  Conserved En.
    1.55439e+03   -2.16564e+06    3.07841e+05   -1.85780e+06   -1.84978e+06
    Temperature Pres. DC (bar) Pressure (bar)   Constr. rmsd
    2.78288e+02   -2.28444e+02   -3.89255e+01    3.26273e-06


DD  step 33999 load imb.: force 18.2%  pme mesh/force 1.004
           Step           Time
          34000       68.00000

   Energies (kJ/mol)
           Bond          Angle    Proper Dih. Ryckaert-Bell.          LJ-14
    4.43960e+03    1.20883e+04    7.34164e+02    5.48889e+03    8.53993e+03
     Coulomb-14        LJ (SR)  Disper. corr.   Coulomb (SR)   Coul. recip.
    5.21705e+04    3.97633e+05   -1.77158e+04   -2.64205e+06    8.21900e+03
 Position Rest.      Potential    Kinetic En.   Total Energy  Conserved En.
    1.48661e+03   -2.16896e+06    3.05701e+05   -1.86326e+06   -1.84972e+06
    Temperature Pres. DC (bar) Pressure (bar)   Constr. rmsd
    2.76353e+02   -2.27888e+02   -6.11153e+01    2.88892e-06


DD  step 34499 load imb.: force 16.1%  pme mesh/force 1.020
           Step           Time
          34500       69.00000

   Energies (kJ/mol)
           Bond          Angle    Proper Dih. Ryckaert-Bell.          LJ-14
    4.51321e+03    1.21261e+04    6.79931e+02    5.66676e+03    8.66194e+03
     Coulomb-14        LJ (SR)  Disper. corr.   Coulomb (SR)   Coul. recip.
    5.23313e+04    3.97398e+05   -1.77354e+04   -2.64046e+06    8.28567e+03
 Position Rest.      Potential    Kinetic En.   Total Energy  Conserved En.
    1.50174e+03   -2.16703e+06    3.06742e+05   -1.86029e+06   -1.84974e+06
    Temperature Pres. DC (bar) Pressure (bar)   Constr. rmsd
    2.77294e+02   -2.28393e+02    4.89487e+00    2.94015e-06


DD  step 34999 load imb.: force 18.0%  pme mesh/force 1.007
           Step           Time
          35000       70.00000

   Energies (kJ/mol)
           Bond          Angle    Proper Dih. Ryckaert-Bell.          LJ-14
    4.27524e+03    1.24084e+04    6.75833e+02    5.48507e+03    8.49972e+03
     Coulomb-14        LJ (SR)  Disper. corr.   Coulomb (SR)   Coul. recip.
    5.20246e+04    3.96765e+05   -1.77538e+04   -2.63861e+06    8.22173e+03
 Position Rest.      Potential    Kinetic En.   Total Energy  Conserved En.
    1.49592e+03   -2.16651e+06    3.05811e+05   -1.86070e+06   -1.84973e+06
    Temperature Pres. DC (bar) Pressure (bar)   Constr. rmsd
    2.76453e+02   -2.28867e+02    7.59342e+01    3.06576e-06


DD  step 35499 load imb.: force 20.2%  pme mesh/force 1.033
           Step           Time
          35500       71.00000

   Energies (kJ/mol)
           Bond          Angle    Proper Dih. Ryckaert-Bell.          LJ-14
    4.54522e+03    1.22138e+04    6.84899e+02    5.43167e+03    8.56227e+03
     Coulomb-14        LJ (SR)  Disper. corr.   Coulomb (SR)   Coul. recip.
    5.22699e+04    3.96525e+05   -1.77024e+04   -2.64078e+06    8.20609e+03
 Position Rest.      Potential    Kinetic En.   Total Energy  Conserved En.
    1.42067e+03   -2.16862e+06    3.05466e+05   -1.86316e+06   -1.84968e+06
    Temperature Pres. DC (bar) Pressure (bar)   Constr. rmsd
    2.76140e+02   -2.27543e+02   -4.17264e+01    3.24534e-06


DD  step 35999 load imb.: force 19.0%  pme mesh/force 1.042
           Step           Time
          36000       72.00000

   Energies (kJ/mol)
           Bond          Angle    Proper Dih. Ryckaert-Bell.          LJ-14
    4.64260e+03    1.25043e+04    6.80396e+02    5.56520e+03    8.65634e+03
     Coulomb-14        LJ (SR)  Disper. corr.   Coulomb (SR)   Coul. recip.
    5.23359e+04    3.94993e+05   -1.77268e+04   -2.63506e+06    8.24525e+03
 Position Rest.      Potential    Kinetic En.   Total Energy  Conserved En.
    1.45397e+03   -2.16370e+06    3.08064e+05   -1.85564e+06   -1.84968e+06
    Temperature Pres. DC (bar) Pressure (bar)   Constr. rmsd
    2.78489e+02   -2.28171e+02   -4.20142e+01    2.98811e-06


DD  step 36499 load imb.: force 16.8%  pme mesh/force 1.072
           Step           Time
          36500       73.00000

   Energies (kJ/mol)
           Bond          Angle    Proper Dih. Ryckaert-Bell.          LJ-14
    4.72619e+03    1.20374e+04    6.91584e+02    5.39766e+03    8.56286e+03
     Coulomb-14        LJ (SR)  Disper. corr.   Coulomb (SR)   Coul. recip.
    5.23025e+04    3.95987e+05   -1.77255e+04   -2.63770e+06    8.43070e+03
 Position Rest.      Potential    Kinetic En.   Total Energy  Conserved En.
    1.38439e+03   -2.16591e+06    3.07112e+05   -1.85880e+06   -1.84967e+06
    Temperature Pres. DC (bar) Pressure (bar)   Constr. rmsd
    2.77628e+02   -2.28138e+02   -3.15853e+01    3.19014e-06


DD  step 36999 load imb.: force 18.3%  pme mesh/force 0.983
           Step           Time
          37000       74.00000

   Energies (kJ/mol)
           Bond          Angle    Proper Dih. Ryckaert-Bell.          LJ-14
    4.50149e+03    1.23890e+04    6.93405e+02    5.47302e+03    8.51143e+03
     Coulomb-14        LJ (SR)  Disper. corr.   Coulomb (SR)   Coul. recip.
    5.21353e+04    3.97214e+05   -1.77431e+04   -2.63783e+06    8.19397e+03
 Position Rest.      Potential    Kinetic En.   Total Energy  Conserved En.
    1.47894e+03   -2.16498e+06    3.06425e+05   -1.85855e+06   -1.84963e+06
    Temperature Pres. DC (bar) Pressure (bar)   Constr. rmsd
    2.77007e+02   -2.28592e+02    3.68427e+01    3.05845e-06


DD  step 37499 load imb.: force 19.4%  pme mesh/force 0.990
           Step           Time
          37500       75.00000

   Energies (kJ/mol)
           Bond          Angle    Proper Dih. Ryckaert-Bell.          LJ-14
    4.52873e+03    1.23925e+04    6.56740e+02    5.41348e+03    8.51737e+03
     Coulomb-14        LJ (SR)  Disper. corr.   Coulomb (SR)   Coul. recip.
    5.23158e+04    3.96319e+05   -1.77412e+04   -2.63815e+06    8.37954e+03
 Position Rest.      Potential    Kinetic En.   Total Energy  Conserved En.
    1.51449e+03   -2.16585e+06    3.08469e+05   -1.85738e+06   -1.84962e+06
    Temperature Pres. DC (bar) Pressure (bar)   Constr. rmsd
    2.78855e+02   -2.28543e+02    1.84271e+00    3.12806e-06


DD  step 37999 load imb.: force 16.5%  pme mesh/force 1.004
           Step           Time
          38000       76.00000

   Energies (kJ/mol)
           Bond          Angle    Proper Dih. Ryckaert-Bell.          LJ-14
    4.36838e+03    1.21426e+04    7.10684e+02    5.60858e+03    8.66268e+03
     Coulomb-14        LJ (SR)  Disper. corr.   Coulomb (SR)   Coul. recip.
    5.21949e+04    3.93570e+05   -1.77299e+04   -2.63666e+06    8.29611e+03
 Position Rest.      Potential    Kinetic En.   Total Energy  Conserved En.
    1.45246e+03   -2.16738e+06    3.05151e+05   -1.86223e+06   -1.84958e+06
    Temperature Pres. DC (bar) Pressure (bar)   Constr. rmsd
    2.75856e+02   -2.28251e+02   -1.45925e+02    2.92411e-06


DD  step 38499 load imb.: force 18.0%  pme mesh/force 1.002
           Step           Time
          38500       77.00000

   Energies (kJ/mol)
           Bond          Angle    Proper Dih. Ryckaert-Bell.          LJ-14
    4.71130e+03    1.23076e+04    6.80863e+02    5.43253e+03    8.48685e+03
     Coulomb-14        LJ (SR)  Disper. corr.   Coulomb (SR)   Coul. recip.
    5.21445e+04    3.97184e+05   -1.77275e+04   -2.63707e+06    8.23954e+03
 Position Rest.      Potential    Kinetic En.   Total Energy  Conserved En.
    1.47732e+03   -2.16413e+06    3.06491e+05   -1.85764e+06   -1.84955e+06
    Temperature Pres. DC (bar) Pressure (bar)   Constr. rmsd
    2.77067e+02   -2.28190e+02   -9.95245e+01    3.06996e-06


DD  step 38999 load imb.: force 22.7%  pme mesh/force 1.349
           Step           Time
          39000       78.00000

   Energies (kJ/mol)
           Bond          Angle    Proper Dih. Ryckaert-Bell.          LJ-14
    4.75596e+03    1.24040e+04    7.20854e+02    5.56680e+03    8.54111e+03
     Coulomb-14        LJ (SR)  Disper. corr.   Coulomb (SR)   Coul. recip.
    5.19394e+04    3.98820e+05   -1.77167e+04   -2.64112e+06    8.26646e+03
 Position Rest.      Potential    Kinetic En.   Total Energy  Conserved En.
    1.38185e+03   -2.16644e+06    3.07364e+05   -1.85908e+06   -1.84953e+06
    Temperature Pres. DC (bar) Pressure (bar)   Constr. rmsd
    2.77856e+02   -2.27911e+02    5.86269e+01    2.94005e-06


DD  step 39499 load imb.: force 18.3%  pme mesh/force 1.003
           Step           Time
          39500       79.00000

   Energies (kJ/mol)
           Bond          Angle    Proper Dih. Ryckaert-Bell.          LJ-14
    4.50859e+03    1.23913e+04    6.70779e+02    5.43267e+03    8.58010e+03
     Coulomb-14        LJ (SR)  Disper. corr.   Coulomb (SR)   Coul. recip.
    5.19888e+04    3.97565e+05   -1.76987e+04   -2.63823e+06    8.21707e+03
 Position Rest.      Potential    Kinetic En.   Total Energy  Conserved En.
    1.45327e+03   -2.16512e+06    3.06172e+05   -1.85895e+06   -1.84953e+06
    Temperature Pres. DC (bar) Pressure (bar)   Constr. rmsd
    2.76779e+02   -2.27451e+02    2.30481e+01    3.01315e-06


DD  step 39999 load imb.: force 16.7%  pme mesh/force 1.004
           Step           Time
          40000       80.00000

   Energies (kJ/mol)
           Bond          Angle    Proper Dih. Ryckaert-Bell.          LJ-14
    4.51146e+03    1.22482e+04    6.83598e+02    5.51973e+03    8.59002e+03
     Coulomb-14        LJ (SR)  Disper. corr.   Coulomb (SR)   Coul. recip.
    5.21409e+04    3.94881e+05   -1.76913e+04   -2.63519e+06    8.27462e+03
 Position Rest.      Potential    Kinetic En.   Total Energy  Conserved En.
    1.49036e+03   -2.16454e+06    3.05737e+05   -1.85880e+06   -1.84952e+06
    Temperature Pres. DC (bar) Pressure (bar)   Constr. rmsd
    2.76385e+02   -2.27260e+02   -1.37493e+02    3.00299e-06


DD  step 40499 load imb.: force 18.6%  pme mesh/force 1.081
           Step           Time
          40500       81.00000

   Energies (kJ/mol)
           Bond          Angle    Proper Dih. Ryckaert-Bell.          LJ-14
    4.59901e+03    1.21541e+04    6.89081e+02    5.41435e+03    8.62098e+03
     Coulomb-14        LJ (SR)  Disper. corr.   Coulomb (SR)   Coul. recip.
    5.21625e+04    3.96874e+05   -1.77226e+04   -2.63705e+06    8.30522e+03
 Position Rest.      Potential    Kinetic En.   Total Energy  Conserved En.
    1.51342e+03   -2.16444e+06    3.06485e+05   -1.85796e+06   -1.84949e+06
    Temperature Pres. DC (bar) Pressure (bar)   Constr. rmsd
    2.77062e+02   -2.28064e+02   -2.04890e+01    3.15006e-06


DD  step 40999 load imb.: force 16.5%  pme mesh/force 1.036
           Step           Time
          41000       82.00000

   Energies (kJ/mol)
           Bond          Angle    Proper Dih. Ryckaert-Bell.          LJ-14
    4.42058e+03    1.23854e+04    7.08169e+02    5.48139e+03    8.52962e+03
     Coulomb-14        LJ (SR)  Disper. corr.   Coulomb (SR)   Coul. recip.
    5.21376e+04    3.96613e+05   -1.77215e+04   -2.63867e+06    8.33530e+03
 Position Rest.      Potential    Kinetic En.   Total Energy  Conserved En.
    1.53070e+03   -2.16625e+06    3.06413e+05   -1.85983e+06   -1.84948e+06
    Temperature Pres. DC (bar) Pressure (bar)   Constr. rmsd
    2.76996e+02   -2.28034e+02   -5.43892e+01    3.04294e-06


DD  step 41499 load imb.: force 19.1%  pme mesh/force 1.031
           Step           Time
          41500       83.00000

   Energies (kJ/mol)
           Bond          Angle    Proper Dih. Ryckaert-Bell.          LJ-14
    4.64929e+03    1.22806e+04    7.06465e+02    5.49994e+03    8.46974e+03
     Coulomb-14        LJ (SR)  Disper. corr.   Coulomb (SR)   Coul. recip.
    5.21897e+04    3.94914e+05   -1.76920e+04   -2.63440e+06    8.10105e+03
 Position Rest.      Potential    Kinetic En.   Total Energy  Conserved En.
    1.51239e+03   -2.16377e+06    3.06833e+05   -1.85693e+06   -1.84948e+06
    Temperature Pres. DC (bar) Pressure (bar)   Constr. rmsd
    2.77377e+02   -2.27277e+02   -1.31268e+02    3.11286e-06


DD  step 41999 load imb.: force 19.7%  pme mesh/force 0.996
           Step           Time
          42000       84.00000

   Energies (kJ/mol)
           Bond          Angle    Proper Dih. Ryckaert-Bell.          LJ-14
    4.52462e+03    1.23400e+04    6.91168e+02    5.51870e+03    8.59638e+03
     Coulomb-14        LJ (SR)  Disper. corr.   Coulomb (SR)   Coul. recip.
    5.20809e+04    3.98769e+05   -1.77469e+04   -2.63948e+06    8.28986e+03
 Position Rest.      Potential    Kinetic En.   Total Energy  Conserved En.
    1.48408e+03   -2.16494e+06    3.05670e+05   -1.85927e+06   -1.84940e+06
    Temperature Pres. DC (bar) Pressure (bar)   Constr. rmsd
    2.76325e+02   -2.28689e+02    1.11226e+02    2.98235e-06


DD  step 42499 load imb.: force 17.6%  pme mesh/force 1.003
           Step           Time
          42500       85.00000

   Energies (kJ/mol)
           Bond          Angle    Proper Dih. Ryckaert-Bell.          LJ-14
    4.49165e+03    1.22793e+04    6.71484e+02    5.33264e+03    8.48239e+03
     Coulomb-14        LJ (SR)  Disper. corr.   Coulomb (SR)   Coul. recip.
    5.20379e+04    3.95369e+05   -1.77076e+04   -2.63825e+06    8.24673e+03
 Position Rest.      Potential    Kinetic En.   Total Energy  Conserved En.
    1.42598e+03   -2.16762e+06    3.06030e+05   -1.86159e+06   -1.84942e+06
    Temperature Pres. DC (bar) Pressure (bar)   Constr. rmsd
    2.76651e+02   -2.27678e+02   -1.72941e+02    3.11162e-06


DD  step 42999 load imb.: force 19.1%  pme mesh/force 1.000
           Step           Time
          43000       86.00000

   Energies (kJ/mol)
           Bond          Angle    Proper Dih. Ryckaert-Bell.          LJ-14
    4.43654e+03    1.21648e+04    6.63651e+02    5.33873e+03    8.48275e+03
     Coulomb-14        LJ (SR)  Disper. corr.   Coulomb (SR)   Coul. recip.
    5.19945e+04    3.98965e+05   -1.77350e+04   -2.64321e+06    8.14831e+03
 Position Rest.      Potential    Kinetic En.   Total Energy  Conserved En.
    1.42587e+03   -2.16933e+06    3.04315e+05   -1.86501e+06   -1.84937e+06
    Temperature Pres. DC (bar) Pressure (bar)   Constr. rmsd
    2.75100e+02   -2.28383e+02   -2.18095e+01    2.86125e-06


DD  step 43499 load imb.: force 18.6%  pme mesh/force 1.004
           Step           Time
          43500       87.00000

   Energies (kJ/mol)
           Bond          Angle    Proper Dih. Ryckaert-Bell.          LJ-14
    4.65289e+03    1.21070e+04    7.09204e+02    5.62385e+03    8.66709e+03
     Coulomb-14        LJ (SR)  Disper. corr.   Coulomb (SR)   Coul. recip.
    5.22555e+04    3.97296e+05   -1.77371e+04   -2.63876e+06    8.15543e+03
 Position Rest.      Potential    Kinetic En.   Total Energy  Conserved En.
    1.49349e+03   -2.16553e+06    3.08037e+05   -1.85750e+06   -1.84939e+06
    Temperature Pres. DC (bar) Pressure (bar)   Constr. rmsd
    2.78465e+02   -2.28436e+02    7.95854e+01    3.23793e-06


DD  step 43999 load imb.: force 17.9%  pme mesh/force 1.006
           Step           Time
          44000       88.00000

   Energies (kJ/mol)
           Bond          Angle    Proper Dih. Ryckaert-Bell.          LJ-14
    4.43522e+03    1.23047e+04    6.94374e+02    5.66115e+03    8.60619e+03
     Coulomb-14        LJ (SR)  Disper. corr.   Coulomb (SR)   Coul. recip.
    5.21488e+04    3.96592e+05   -1.77002e+04   -2.63691e+06    8.38536e+03
 Position Rest.      Potential    Kinetic En.   Total Energy  Conserved En.
    1.47729e+03   -2.16431e+06    3.06737e+05   -1.85757e+06   -1.84936e+06
    Temperature Pres. DC (bar) Pressure (bar)   Constr. rmsd
    2.77289e+02   -2.27489e+02    2.45655e+01    3.03184e-06


DD  step 44499 load imb.: force 17.0%  pme mesh/force 1.024
           Step           Time
          44500       89.00000

   Energies (kJ/mol)
           Bond          Angle    Proper Dih. Ryckaert-Bell.          LJ-14
    4.45144e+03    1.24583e+04    6.82759e+02    5.49105e+03    8.62025e+03
     Coulomb-14        LJ (SR)  Disper. corr.   Coulomb (SR)   Coul. recip.
    5.21335e+04    3.98225e+05   -1.77164e+04   -2.63775e+06    8.15365e+03
 Position Rest.      Potential    Kinetic En.   Total Energy  Conserved En.
    1.45292e+03   -2.16380e+06    3.05448e+05   -1.85835e+06   -1.84929e+06
    Temperature Pres. DC (bar) Pressure (bar)   Constr. rmsd
    2.76124e+02   -2.27905e+02    1.26030e+02    3.05042e-06


DD  step 44999 load imb.: force 19.8%  pme mesh/force 1.032
           Step           Time
          45000       90.00000

   Energies (kJ/mol)
           Bond          Angle    Proper Dih. Ryckaert-Bell.          LJ-14
    4.36487e+03    1.24150e+04    6.83244e+02    5.41205e+03    8.65526e+03
     Coulomb-14        LJ (SR)  Disper. corr.   Coulomb (SR)   Coul. recip.
    5.22790e+04    3.98585e+05   -1.77119e+04   -2.64102e+06    8.26413e+03
 Position Rest.      Potential    Kinetic En.   Total Energy  Conserved En.
    1.37365e+03   -2.16670e+06    3.05956e+05   -1.86074e+06   -1.84929e+06
    Temperature Pres. DC (bar) Pressure (bar)   Constr. rmsd
    2.76583e+02   -2.27789e+02    6.29442e+01    3.21048e-06


DD  step 45499 load imb.: force 17.7%  pme mesh/force 1.045
           Step           Time
          45500       91.00000

   Energies (kJ/mol)
           Bond          Angle    Proper Dih. Ryckaert-Bell.          LJ-14
    4.38809e+03    1.22425e+04    7.16269e+02    5.45813e+03    8.58222e+03
     Coulomb-14        LJ (SR)  Disper. corr.   Coulomb (SR)   Coul. recip.
    5.22416e+04    3.98716e+05   -1.77284e+04   -2.64242e+06    8.25082e+03
 Position Rest.      Potential    Kinetic En.   Total Energy  Conserved En.
    1.40627e+03   -2.16815e+06    3.06446e+05   -1.86171e+06   -1.84926e+06
    Temperature Pres. DC (bar) Pressure (bar)   Constr. rmsd
    2.77026e+02   -2.28214e+02    1.59441e+01    3.30561e-06


DD  step 45999 load imb.: force 18.6%  pme mesh/force 0.997
           Step           Time
          46000       92.00000

   Energies (kJ/mol)
           Bond          Angle    Proper Dih. Ryckaert-Bell.          LJ-14
    4.51327e+03    1.25183e+04    6.72581e+02    5.61231e+03    8.47157e+03
     Coulomb-14        LJ (SR)  Disper. corr.   Coulomb (SR)   Coul. recip.
    5.21542e+04    3.96356e+05   -1.77336e+04   -2.63730e+06    8.09054e+03
 Position Rest.      Potential    Kinetic En.   Total Energy  Conserved En.
    1.48876e+03   -2.16516e+06    3.07984e+05   -1.85718e+06   -1.84929e+06
    Temperature Pres. DC (bar) Pressure (bar)   Constr. rmsd
    2.78416e+02   -2.28346e+02   -8.10541e+01    2.95467e-06


DD  step 46499 load imb.: force 17.6%  pme mesh/force 0.999
           Step           Time
          46500       93.00000

   Energies (kJ/mol)
           Bond          Angle    Proper Dih. Ryckaert-Bell.          LJ-14
    4.27823e+03    1.21691e+04    7.40626e+02    5.57693e+03    8.52213e+03
     Coulomb-14        LJ (SR)  Disper. corr.   Coulomb (SR)   Coul. recip.
    5.20789e+04    3.97089e+05   -1.77420e+04   -2.63985e+06    8.23689e+03
 Position Rest.      Potential    Kinetic En.   Total Energy  Conserved En.
    1.50663e+03   -2.16740e+06    3.07165e+05   -1.86023e+06   -1.84929e+06
    Temperature Pres. DC (bar) Pressure (bar)   Constr. rmsd
    2.77677e+02   -2.28563e+02    4.75082e+01    2.99654e-06


DD  step 46999 load imb.: force 18.1%  pme mesh/force 1.005
           Step           Time
          47000       94.00000

   Energies (kJ/mol)
           Bond          Angle    Proper Dih. Ryckaert-Bell.          LJ-14
    4.51490e+03    1.20991e+04    6.60657e+02    5.51003e+03    8.57243e+03
     Coulomb-14        LJ (SR)  Disper. corr.   Coulomb (SR)   Coul. recip.
    5.20506e+04    3.98261e+05   -1.77436e+04   -2.64135e+06    8.21559e+03
 Position Rest.      Potential    Kinetic En.   Total Energy  Conserved En.
    1.50796e+03   -2.16770e+06    3.07199e+05   -1.86050e+06   -1.84924e+06
    Temperature Pres. DC (bar) Pressure (bar)   Constr. rmsd
    2.77707e+02   -2.28603e+02    4.07065e+01    2.98108e-06


DD  step 47499 load imb.: force 17.3%  pme mesh/force 1.004
           Step           Time
          47500       95.00000

   Energies (kJ/mol)
           Bond          Angle    Proper Dih. Ryckaert-Bell.          LJ-14
    4.46249e+03    1.23248e+04    7.52911e+02    5.59958e+03    8.47641e+03
     Coulomb-14        LJ (SR)  Disper. corr.   Coulomb (SR)   Coul. recip.
    5.20980e+04    3.96568e+05   -1.77174e+04   -2.63774e+06    8.22670e+03
 Position Rest.      Potential    Kinetic En.   Total Energy  Conserved En.
    1.56932e+03   -2.16538e+06    3.07667e+05   -1.85771e+06   -1.84925e+06
    Temperature Pres. DC (bar) Pressure (bar)   Constr. rmsd
    2.78130e+02   -2.27930e+02   -9.46174e+01    3.21355e-06


DD  step 47999 load imb.: force 19.3%  pme mesh/force 1.004
           Step           Time
          48000       96.00000

   Energies (kJ/mol)
           Bond          Angle    Proper Dih. Ryckaert-Bell.          LJ-14
    4.56694e+03    1.23862e+04    6.95616e+02    5.33214e+03    8.60611e+03
     Coulomb-14        LJ (SR)  Disper. corr.   Coulomb (SR)   Coul. recip.
    5.20539e+04    3.97132e+05   -1.77538e+04   -2.64076e+06    8.27354e+03
 Position Rest.      Potential    Kinetic En.   Total Energy  Conserved En.
    1.42852e+03   -2.16804e+06    3.07865e+05   -1.86018e+06   -1.84916e+06
    Temperature Pres. DC (bar) Pressure (bar)   Constr. rmsd
    2.78309e+02   -2.28867e+02    4.15203e+01    3.02178e-06


DD  step 48499 load imb.: force 18.1%  pme mesh/force 1.092
           Step           Time
          48500       97.00000

   Energies (kJ/mol)
           Bond          Angle    Proper Dih. Ryckaert-Bell.          LJ-14
    4.30077e+03    1.26479e+04    7.32025e+02    5.55348e+03    8.66955e+03
     Coulomb-14        LJ (SR)  Disper. corr.   Coulomb (SR)   Coul. recip.
    5.23810e+04    3.97266e+05   -1.77546e+04   -2.63849e+06    8.23993e+03
 Position Rest.      Potential    Kinetic En.   Total Energy  Conserved En.
    1.48505e+03   -2.16497e+06    3.07236e+05   -1.85773e+06   -1.84919e+06
    Temperature Pres. DC (bar) Pressure (bar)   Constr. rmsd
    2.77740e+02   -2.28887e+02    5.23468e+01    3.15786e-06


DD  step 48999 load imb.: force 17.3%  pme mesh/force 1.267
           Step           Time
          49000       98.00000

   Energies (kJ/mol)
           Bond          Angle    Proper Dih. Ryckaert-Bell.          LJ-14
    4.49797e+03    1.22217e+04    6.60284e+02    5.48899e+03    8.62070e+03
     Coulomb-14        LJ (SR)  Disper. corr.   Coulomb (SR)   Coul. recip.
    5.22210e+04    3.96907e+05   -1.77112e+04   -2.63832e+06    8.31613e+03
 Position Rest.      Potential    Kinetic En.   Total Energy  Conserved En.
    1.43256e+03   -2.16567e+06    3.05416e+05   -1.86025e+06   -1.84916e+06
    Temperature Pres. DC (bar) Pressure (bar)   Constr. rmsd
    2.76096e+02   -2.27770e+02   -7.16008e+01    2.97736e-06


DD  step 49499 load imb.: force 18.4%  pme mesh/force 1.000
           Step           Time
          49500       99.00000

   Energies (kJ/mol)
           Bond          Angle    Proper Dih. Ryckaert-Bell.          LJ-14
    4.47338e+03    1.20535e+04    6.73766e+02    5.46064e+03    8.52817e+03
     Coulomb-14        LJ (SR)  Disper. corr.   Coulomb (SR)   Coul. recip.
    5.21223e+04    3.97616e+05   -1.76942e+04   -2.64001e+06    8.11482e+03
 Position Rest.      Potential    Kinetic En.   Total Energy  Conserved En.
    1.40649e+03   -2.16725e+06    3.04141e+05   -1.86311e+06   -1.84914e+06
    Temperature Pres. DC (bar) Pressure (bar)   Constr. rmsd
    2.74943e+02   -2.27334e+02   -1.25882e+02    2.94325e-06


DD  step 49999 load imb.: force 19.1%  pme mesh/force 1.042
           Step           Time
          50000      100.00000

Writing checkpoint, step 50000 at Sat Apr 23 22:01:30 2022


   Energies (kJ/mol)
           Bond          Angle    Proper Dih. Ryckaert-Bell.          LJ-14
    4.65176e+03    1.24048e+04    7.02405e+02    5.58469e+03    8.60166e+03
     Coulomb-14        LJ (SR)  Disper. corr.   Coulomb (SR)   Coul. recip.
    5.21784e+04    3.98535e+05   -1.77366e+04   -2.64030e+06    8.30493e+03
 Position Rest.      Potential    Kinetic En.   Total Energy  Conserved En.
    1.46952e+03   -2.16560e+06    3.08348e+05   -1.85725e+06   -1.84909e+06
    Temperature Pres. DC (bar) Pressure (bar)   Constr. rmsd
    2.78746e+02   -2.28424e+02    1.61649e+02    3.10735e-06

	<======  ###############  ==>
	<====  A V E R A G E S  ====>
	<==  ###############  ======>

	Statistics over 50001 steps using 501 frames

   Energies (kJ/mol)
           Bond          Angle    Proper Dih. Ryckaert-Bell.          LJ-14
    4.50938e+03    1.22841e+04    6.97479e+02    5.52736e+03    8.58866e+03
     Coulomb-14        LJ (SR)  Disper. corr.   Coulomb (SR)   Coul. recip.
    5.21793e+04    3.97090e+05   -1.77092e+04   -2.63867e+06    8.25743e+03
 Position Rest.      Potential    Kinetic En.   Total Energy  Conserved En.
    1.43430e+03   -2.16581e+06    3.06456e+05   -1.85935e+06   -1.85010e+06
    Temperature Pres. DC (bar) Pressure (bar)   Constr. rmsd
    2.77035e+02   -2.27722e+02    1.08652e+00    0.00000e+00

          Box-X          Box-Y          Box-Z
    1.08940e+01    1.08940e+01    1.08940e+01

   Total Virial (kJ/mol)
    1.02037e+05   -1.89881e+02    3.42013e+02
   -1.91932e+02    1.02251e+05   -3.76407e+02
    3.38320e+02   -3.78865e+02    1.02053e+05

   Pressure (bar)
    2.01330e+00    4.15902e+00   -7.95628e+00
    4.21178e+00   -1.83843e+00    8.42114e+00
   -7.86156e+00    8.48426e+00    3.08467e+00

      T-Protein  T-non-Protein
    2.77130e+02    2.77029e+02


       P P   -   P M E   L O A D   B A L A N C I N G

 PP/PME load balancing changed the cut-off and PME settings:
           particle-particle                    PME
            rcoulomb  rlist            grid      spacing   1/beta
   initial  1.000 nm  1.003 nm      72  72  72   0.153 nm  0.320 nm
   final    1.079 nm  1.082 nm      64  64  64   0.173 nm  0.345 nm
 cost-ratio           1.25             0.70
 (note that these numbers concern only part of the total PP and PME load)


	M E G A - F L O P S   A C C O U N T I N G

 NB=Group-cutoff nonbonded kernels    NxN=N-by-N cluster Verlet kernels
 RF=Reaction-Field  VdW=Van der Waals  QSTab=quadratic-spline table
 W3=SPC/TIP3p  W4=TIP4p (single or pairs)
 V&F=Potential and force  V=Potential only  F=Force only

 Computing:                               M-Number         M-Flops  % Flops
-----------------------------------------------------------------------------
 Pair Search distance check           60771.558694      546944.028     0.2
 NxN Ewald Elec. + LJ [F]           2472667.247328   163196038.324    52.2
 NxN Ewald Elec. + LJ [V&F]           25024.972512     2677672.059     0.9
 NxN Ewald Elec. [F]                2219837.858208   135410109.351    43.3
 NxN Ewald Elec. [V&F]                22467.660800     1887283.507     0.6
 1,4 nonbonded interactions             871.467429       78432.069     0.0
 Calc Weights                         19688.343759      708780.375     0.2
 Spread Q Bspline                    420018.000192      840036.000     0.3
 Gather F Bspline                    420018.000192     2520108.001     0.8
 3D-FFT                              472551.437784     3780411.502     1.2
 Solve PME                             1024.572480       65572.639     0.0
 Reset In Box                           131.253000         393.759     0.0
 CG-CoM                                 131.384253         394.153     0.0
 Bonds                                  170.953419       10086.252     0.0
 Angles                                 602.562051      101230.425     0.0
 Propers                                 65.801316       15068.501     0.0
 RB-Dihedrals                           678.563571      167605.202     0.1
 Pos. Restr.                            166.803336        8340.167     0.0
 Virial                                 696.904353       12544.278     0.0
 Stop-CM                                 65.757753         657.578     0.0
 Calc-Ekin                             1312.792506       35445.398     0.0
 Lincs                                  163.103262        9786.196     0.0
 Lincs-Mat                              826.816536        3307.266     0.0
 Constraint-V                          6546.530928       52372.247     0.0
 Constraint-Vir                         638.457666       15322.984     0.0
 Settle                                2073.441468      669721.594     0.2
-----------------------------------------------------------------------------
 Total                                               312813663.854   100.0
-----------------------------------------------------------------------------


    D O M A I N   D E C O M P O S I T I O N   S T A T I S T I C S

 av. #atoms communicated per step for force:  2 x 387470.1


Dynamic load balancing report:
 DLB was off during the run due to low measured imbalance.
 Average load imbalance: 18.9%.
 The balanceable part of the MD step is 68%, load imbalance is computed from this.
 Part of the total run time spent waiting due to load imbalance: 12.8%.
 Average PME mesh/force load: 1.035
 Part of the total run time spent waiting due to PP/PME imbalance: 2.1 %

NOTE: 12.8 % of the available CPU time was lost due to load imbalance
      in the domain decomposition.
      You might want to use dynamic load balancing (option -dlb.)
      You can also consider manually changing the decomposition (option -dd);
      e.g. by using fewer domains along the box dimension in which there is
      considerable inhomogeneity in the simulated system.

     R E A L   C Y C L E   A N D   T I M E   A C C O U N T I N G

On 180 MPI ranks doing PP, and
on 60 MPI ranks doing PME

 Computing:          Num   Num      Call    Wall time         Giga-Cycles
                     Ranks Threads  Count      (s)         total sum    %
-----------------------------------------------------------------------------
 Domain decomp.       180    1       1000       0.962        431.981   1.2
 DD comm. load        180    1        102       0.002          0.998   0.0
 Send X to PME        180    1      50001       1.064        477.666   1.3
 Neighbor search      180    1       1001       1.731        776.890   2.1
 Comm. coord.         180    1      49000       5.432       2438.764   6.5
 Force                180    1      50001      25.557      11473.353  30.6
 Wait + Comm. F       180    1      50001       8.318       3734.158   9.9
 PME mesh *            60    1      50001      39.950       5978.315  15.9
 PME wait for PP *                             22.768       3407.149   9.1
 Wait + Recv. PME F   180    1      50001       3.840       1723.898   4.6
 NB X/F buffer ops.   180    1     148001       0.816        366.448   1.0
 Write traj.          180    1        101       0.442        198.450   0.5
 Update               180    1      50001       0.160         72.031   0.2
 Constraints          180    1      50001       0.528        237.145   0.6
 Comm. energies       180    1       5001      13.648       6127.147  16.3
 Rest                                           0.217         97.500   0.3
-----------------------------------------------------------------------------
 Total                                         62.718      37541.907 100.0
-----------------------------------------------------------------------------
(*) Note that with separate PME ranks, the walltime column actually sums to
    twice the total reported, but the cycle count total and % are correct.
-----------------------------------------------------------------------------
 Breakdown of PME mesh computation
-----------------------------------------------------------------------------
 PME redist. X/F       60    1     100002      10.920       1634.062   4.4
 PME spread            60    1      50001       9.122       1365.057   3.6
 PME gather            60    1      50001       9.004       1347.431   3.6
 PME 3D-FFT            60    1     100002       2.349        351.490   0.9
 PME 3D-FFT Comm.      60    1     200004       8.261       1236.232   3.3
 PME solve Elec        60    1      50001       0.239         35.782   0.1
-----------------------------------------------------------------------------

NOTE: 16 % of the run time was spent communicating energies,
      you might want to use the -gcom option of mdrun

               Core t (s)   Wall t (s)        (%)
       Time:    15052.134       62.718    23999.7
                 (ns/day)    (hour/ns)
Performance:      137.762        0.174
Finished mdrun on rank 0 Sat Apr 23 22:01:39 2022

